<?xml version="1.0" encoding="UTF-8"?>
<testsuite xmlns:xsi="http://www.w3.org/2001/XMLSchema-instance" xsi:noNamespaceSchemaLocation="https://maven.apache.org/surefire/maven-surefire-plugin/xsd/surefire-test-report.xsd" name="com.lcwd.gateway.ApiGatewayApplicationTests" time="9.298" tests="1" errors="0" skipped="0" failures="0">
  <properties>
    <property name="java.specification.version" value="17"/>
    <property name="sun.cpu.isalist" value="amd64"/>
    <property name="sun.jnu.encoding" value="GBK"/>
    <property name="java.class.path" value="E:\JavaProject\Hotel-Management-Microservices\api-gateway\target\test-classes;E:\JavaProject\Hotel-Management-Microservices\api-gateway\target\classes;E:\JavaProject\maven_store\org\springframework\cloud\spring-cloud-starter-gateway\4.1.5\spring-cloud-starter-gateway-4.1.5.jar;E:\JavaProject\maven_store\org\springframework\cloud\spring-cloud-starter\4.1.4\spring-cloud-starter-4.1.4.jar;E:\JavaProject\maven_store\org\springframework\security\spring-security-rsa\1.1.3\spring-security-rsa-1.1.3.jar;E:\JavaProject\maven_store\org\bouncycastle\bcprov-jdk18on\1.78\bcprov-jdk18on-1.78.jar;E:\JavaProject\maven_store\org\springframework\cloud\spring-cloud-gateway-server\4.1.5\spring-cloud-gateway-server-4.1.5.jar;E:\JavaProject\maven_store\org\springframework\boot\spring-boot-starter-validation\3.2.0\spring-boot-starter-validation-3.2.0.jar;E:\JavaProject\maven_store\org\apache\tomcat\embed\tomcat-embed-el\10.1.16\tomcat-embed-el-10.1.16.jar;E:\JavaProject\maven_store\org\hibernate\validator\hibernate-validator\8.0.1.Final\hibernate-validator-8.0.1.Final.jar;E:\JavaProject\maven_store\jakarta\validation\jakarta.validation-api\3.0.2\jakarta.validation-api-3.0.2.jar;E:\JavaProject\maven_store\org\jboss\logging\jboss-logging\3.5.3.Final\jboss-logging-3.5.3.Final.jar;E:\JavaProject\maven_store\com\fasterxml\classmate\1.6.0\classmate-1.6.0.jar;E:\JavaProject\maven_store\io\projectreactor\addons\reactor-extra\3.5.1\reactor-extra-3.5.1.jar;E:\JavaProject\maven_store\org\springframework\boot\spring-boot-starter-webflux\3.2.0\spring-boot-starter-webflux-3.2.0.jar;E:\JavaProject\maven_store\org\springframework\boot\spring-boot-starter-json\3.2.0\spring-boot-starter-json-3.2.0.jar;E:\JavaProject\maven_store\com\fasterxml\jackson\datatype\jackson-datatype-jdk8\2.15.3\jackson-datatype-jdk8-2.15.3.jar;E:\JavaProject\maven_store\com\fasterxml\jackson\datatype\jackson-datatype-jsr310\2.15.3\jackson-datatype-jsr310-2.15.3.jar;E:\JavaProject\maven_store\com\fasterxml\jackson\module\jackson-module-parameter-names\2.15.3\jackson-module-parameter-names-2.15.3.jar;E:\JavaProject\maven_store\org\springframework\boot\spring-boot-starter-reactor-netty\3.2.0\spring-boot-starter-reactor-netty-3.2.0.jar;E:\JavaProject\maven_store\io\projectreactor\netty\reactor-netty-http\1.1.13\reactor-netty-http-1.1.13.jar;E:\JavaProject\maven_store\io\netty\netty-codec-http\4.1.101.Final\netty-codec-http-4.1.101.Final.jar;E:\JavaProject\maven_store\io\netty\netty-common\4.1.101.Final\netty-common-4.1.101.Final.jar;E:\JavaProject\maven_store\io\netty\netty-buffer\4.1.101.Final\netty-buffer-4.1.101.Final.jar;E:\JavaProject\maven_store\io\netty\netty-transport\4.1.101.Final\netty-transport-4.1.101.Final.jar;E:\JavaProject\maven_store\io\netty\netty-codec\4.1.101.Final\netty-codec-4.1.101.Final.jar;E:\JavaProject\maven_store\io\netty\netty-handler\4.1.101.Final\netty-handler-4.1.101.Final.jar;E:\JavaProject\maven_store\io\netty\netty-codec-http2\4.1.101.Final\netty-codec-http2-4.1.101.Final.jar;E:\JavaProject\maven_store\io\netty\netty-resolver-dns\4.1.101.Final\netty-resolver-dns-4.1.101.Final.jar;E:\JavaProject\maven_store\io\netty\netty-resolver\4.1.101.Final\netty-resolver-4.1.101.Final.jar;E:\JavaProject\maven_store\io\netty\netty-codec-dns\4.1.101.Final\netty-codec-dns-4.1.101.Final.jar;E:\JavaProject\maven_store\io\netty\netty-resolver-dns-native-macos\4.1.101.Final\netty-resolver-dns-native-macos-4.1.101.Final-osx-x86_64.jar;E:\JavaProject\maven_store\io\netty\netty-resolver-dns-classes-macos\4.1.101.Final\netty-resolver-dns-classes-macos-4.1.101.Final.jar;E:\JavaProject\maven_store\io\netty\netty-transport-native-epoll\4.1.101.Final\netty-transport-native-epoll-4.1.101.Final-linux-x86_64.jar;E:\JavaProject\maven_store\io\netty\netty-transport-native-unix-common\4.1.101.Final\netty-transport-native-unix-common-4.1.101.Final.jar;E:\JavaProject\maven_store\io\netty\netty-transport-classes-epoll\4.1.101.Final\netty-transport-classes-epoll-4.1.101.Final.jar;E:\JavaProject\maven_store\io\projectreactor\netty\reactor-netty-core\1.1.13\reactor-netty-core-1.1.13.jar;E:\JavaProject\maven_store\io\netty\netty-handler-proxy\4.1.101.Final\netty-handler-proxy-4.1.101.Final.jar;E:\JavaProject\maven_store\io\netty\netty-codec-socks\4.1.101.Final\netty-codec-socks-4.1.101.Final.jar;E:\JavaProject\maven_store\org\springframework\spring-web\6.1.1\spring-web-6.1.1.jar;E:\JavaProject\maven_store\org\springframework\spring-beans\6.1.1\spring-beans-6.1.1.jar;E:\JavaProject\maven_store\io\micrometer\micrometer-observation\1.12.0\micrometer-observation-1.12.0.jar;E:\JavaProject\maven_store\org\springframework\spring-webflux\6.1.1\spring-webflux-6.1.1.jar;E:\JavaProject\maven_store\com\alibaba\cloud\spring-cloud-starter-alibaba-nacos-discovery\2023.0.3.2\spring-cloud-starter-alibaba-nacos-discovery-2023.0.3.2.jar;E:\JavaProject\maven_store\com\alibaba\cloud\spring-cloud-alibaba-commons\2023.0.3.2\spring-cloud-alibaba-commons-2023.0.3.2.jar;E:\JavaProject\maven_store\com\alibaba\nacos\nacos-client\2.4.2\nacos-client-2.4.2.jar;E:\JavaProject\maven_store\com\alibaba\nacos\nacos-auth-plugin\2.4.2\nacos-auth-plugin-2.4.2.jar;E:\JavaProject\maven_store\com\alibaba\nacos\nacos-encryption-plugin\2.4.2\nacos-encryption-plugin-2.4.2.jar;E:\JavaProject\maven_store\com\alibaba\nacos\nacos-logback-adapter-12\2.4.2\nacos-logback-adapter-12-2.4.2.jar;E:\JavaProject\maven_store\com\alibaba\nacos\logback-adapter\1.1.3\logback-adapter-1.1.3.jar;E:\JavaProject\maven_store\com\alibaba\nacos\nacos-log4j2-adapter\2.4.2\nacos-log4j2-adapter-2.4.2.jar;E:\JavaProject\maven_store\commons-codec\commons-codec\1.16.0\commons-codec-1.16.0.jar;E:\JavaProject\maven_store\com\fasterxml\jackson\core\jackson-core\2.15.3\jackson-core-2.15.3.jar;E:\JavaProject\maven_store\com\fasterxml\jackson\core\jackson-databind\2.15.3\jackson-databind-2.15.3.jar;E:\JavaProject\maven_store\com\fasterxml\jackson\core\jackson-annotations\2.15.3\jackson-annotations-2.15.3.jar;E:\JavaProject\maven_store\org\apache\httpcomponents\httpasyncclient\4.1.5\httpasyncclient-4.1.5.jar;E:\JavaProject\maven_store\org\apache\httpcomponents\httpcore-nio\4.4.16\httpcore-nio-4.4.16.jar;E:\JavaProject\maven_store\org\apache\httpcomponents\httpclient\4.5.13\httpclient-4.5.13.jar;E:\JavaProject\maven_store\org\apache\httpcomponents\httpcore\4.4.16\httpcore-4.4.16.jar;E:\JavaProject\maven_store\io\prometheus\simpleclient\0.16.0\simpleclient-0.16.0.jar;E:\JavaProject\maven_store\io\prometheus\simpleclient_tracer_otel\0.16.0\simpleclient_tracer_otel-0.16.0.jar;E:\JavaProject\maven_store\io\prometheus\simpleclient_tracer_common\0.16.0\simpleclient_tracer_common-0.16.0.jar;E:\JavaProject\maven_store\io\prometheus\simpleclient_tracer_otel_agent\0.16.0\simpleclient_tracer_otel_agent-0.16.0.jar;E:\JavaProject\maven_store\org\yaml\snakeyaml\2.2\snakeyaml-2.2.jar;E:\JavaProject\maven_store\io\micrometer\micrometer-core\1.12.0\micrometer-core-1.12.0.jar;E:\JavaProject\maven_store\io\micrometer\micrometer-commons\1.12.0\micrometer-commons-1.12.0.jar;E:\JavaProject\maven_store\org\hdrhistogram\HdrHistogram\2.1.12\HdrHistogram-2.1.12.jar;E:\JavaProject\maven_store\org\latencyutils\LatencyUtils\2.0.3\LatencyUtils-2.0.3.jar;E:\JavaProject\maven_store\org\springframework\cloud\spring-cloud-commons\4.1.4\spring-cloud-commons-4.1.4.jar;E:\JavaProject\maven_store\org\springframework\security\spring-security-crypto\6.2.0\spring-security-crypto-6.2.0.jar;E:\JavaProject\maven_store\org\springframework\cloud\spring-cloud-context\4.1.4\spring-cloud-context-4.1.4.jar;E:\JavaProject\maven_store\com\alibaba\cloud\spring-cloud-starter-alibaba-nacos-config\2023.0.3.2\spring-cloud-starter-alibaba-nacos-config-2023.0.3.2.jar;E:\JavaProject\maven_store\com\alibaba\cloud\spring-alibaba-nacos-config\2023.0.3.2\spring-alibaba-nacos-config-2023.0.3.2.jar;E:\JavaProject\maven_store\org\slf4j\slf4j-api\2.0.9\slf4j-api-2.0.9.jar;E:\JavaProject\maven_store\jakarta\annotation\jakarta.annotation-api\2.1.1\jakarta.annotation-api-2.1.1.jar;E:\JavaProject\maven_store\org\springframework\cloud\spring-cloud-starter-loadbalancer\4.1.4\spring-cloud-starter-loadbalancer-4.1.4.jar;E:\JavaProject\maven_store\org\springframework\cloud\spring-cloud-loadbalancer\4.1.4\spring-cloud-loadbalancer-4.1.4.jar;E:\JavaProject\maven_store\org\springframework\boot\spring-boot-starter-cache\3.2.0\spring-boot-starter-cache-3.2.0.jar;E:\JavaProject\maven_store\org\springframework\spring-context-support\6.1.1\spring-context-support-6.1.1.jar;E:\JavaProject\maven_store\com\stoyanr\evictor\1.0.0\evictor-1.0.0.jar;E:\JavaProject\maven_store\com\alibaba\csp\sentinel-spring-cloud-gateway-adapter\1.8.8\sentinel-spring-cloud-gateway-adapter-1.8.8.jar;E:\JavaProject\maven_store\com\alibaba\csp\sentinel-api-gateway-adapter-common\1.8.8\sentinel-api-gateway-adapter-common-1.8.8.jar;E:\JavaProject\maven_store\com\alibaba\csp\sentinel-core\1.8.8\sentinel-core-1.8.8.jar;E:\JavaProject\maven_store\com\alibaba\csp\sentinel-parameter-flow-control\1.8.8\sentinel-parameter-flow-control-1.8.8.jar;E:\JavaProject\maven_store\com\googlecode\concurrentlinkedhashmap\concurrentlinkedhashmap-lru\1.4.2\concurrentlinkedhashmap-lru-1.4.2.jar;E:\JavaProject\maven_store\com\alibaba\csp\sentinel-reactor-adapter\1.8.8\sentinel-reactor-adapter-1.8.8.jar;E:\JavaProject\maven_store\org\springframework\boot\spring-boot-starter-test\3.2.0\spring-boot-starter-test-3.2.0.jar;E:\JavaProject\maven_store\org\springframework\boot\spring-boot-starter\3.2.0\spring-boot-starter-3.2.0.jar;E:\JavaProject\maven_store\org\springframework\boot\spring-boot-starter-logging\3.2.0\spring-boot-starter-logging-3.2.0.jar;E:\JavaProject\maven_store\ch\qos\logback\logback-classic\1.4.11\logback-classic-1.4.11.jar;E:\JavaProject\maven_store\ch\qos\logback\logback-core\1.4.11\logback-core-1.4.11.jar;E:\JavaProject\maven_store\org\apache\logging\log4j\log4j-to-slf4j\2.21.1\log4j-to-slf4j-2.21.1.jar;E:\JavaProject\maven_store\org\apache\logging\log4j\log4j-api\2.21.1\log4j-api-2.21.1.jar;E:\JavaProject\maven_store\org\slf4j\jul-to-slf4j\2.0.9\jul-to-slf4j-2.0.9.jar;E:\JavaProject\maven_store\org\springframework\boot\spring-boot-test\3.2.0\spring-boot-test-3.2.0.jar;E:\JavaProject\maven_store\org\springframework\boot\spring-boot-test-autoconfigure\3.2.0\spring-boot-test-autoconfigure-3.2.0.jar;E:\JavaProject\maven_store\com\jayway\jsonpath\json-path\2.8.0\json-path-2.8.0.jar;E:\JavaProject\maven_store\jakarta\xml\bind\jakarta.xml.bind-api\4.0.1\jakarta.xml.bind-api-4.0.1.jar;E:\JavaProject\maven_store\jakarta\activation\jakarta.activation-api\2.1.2\jakarta.activation-api-2.1.2.jar;E:\JavaProject\maven_store\net\minidev\json-smart\2.5.0\json-smart-2.5.0.jar;E:\JavaProject\maven_store\net\minidev\accessors-smart\2.5.0\accessors-smart-2.5.0.jar;E:\JavaProject\maven_store\org\ow2\asm\asm\9.3\asm-9.3.jar;E:\JavaProject\maven_store\org\assertj\assertj-core\3.24.2\assertj-core-3.24.2.jar;E:\JavaProject\maven_store\net\bytebuddy\byte-buddy\1.14.10\byte-buddy-1.14.10.jar;E:\JavaProject\maven_store\org\awaitility\awaitility\4.2.0\awaitility-4.2.0.jar;E:\JavaProject\maven_store\org\hamcrest\hamcrest\2.2\hamcrest-2.2.jar;E:\JavaProject\maven_store\org\junit\jupiter\junit-jupiter\5.10.1\junit-jupiter-5.10.1.jar;E:\JavaProject\maven_store\org\junit\jupiter\junit-jupiter-api\5.10.1\junit-jupiter-api-5.10.1.jar;E:\JavaProject\maven_store\org\opentest4j\opentest4j\1.3.0\opentest4j-1.3.0.jar;E:\JavaProject\maven_store\org\junit\platform\junit-platform-commons\1.10.1\junit-platform-commons-1.10.1.jar;E:\JavaProject\maven_store\org\apiguardian\apiguardian-api\1.1.2\apiguardian-api-1.1.2.jar;E:\JavaProject\maven_store\org\junit\jupiter\junit-jupiter-params\5.10.1\junit-jupiter-params-5.10.1.jar;E:\JavaProject\maven_store\org\junit\jupiter\junit-jupiter-engine\5.10.1\junit-jupiter-engine-5.10.1.jar;E:\JavaProject\maven_store\org\junit\platform\junit-platform-engine\1.10.1\junit-platform-engine-1.10.1.jar;E:\JavaProject\maven_store\org\mockito\mockito-core\5.7.0\mockito-core-5.7.0.jar;E:\JavaProject\maven_store\net\bytebuddy\byte-buddy-agent\1.14.10\byte-buddy-agent-1.14.10.jar;E:\JavaProject\maven_store\org\objenesis\objenesis\3.3\objenesis-3.3.jar;E:\JavaProject\maven_store\org\mockito\mockito-junit-jupiter\5.7.0\mockito-junit-jupiter-5.7.0.jar;E:\JavaProject\maven_store\org\skyscreamer\jsonassert\1.5.1\jsonassert-1.5.1.jar;E:\JavaProject\maven_store\com\vaadin\external\google\android-json\0.0.20131108.vaadin1\android-json-0.0.20131108.vaadin1.jar;E:\JavaProject\maven_store\org\springframework\spring-core\6.1.1\spring-core-6.1.1.jar;E:\JavaProject\maven_store\org\springframework\spring-jcl\6.1.1\spring-jcl-6.1.1.jar;E:\JavaProject\maven_store\org\springframework\spring-test\6.1.1\spring-test-6.1.1.jar;E:\JavaProject\maven_store\org\xmlunit\xmlunit-core\2.9.1\xmlunit-core-2.9.1.jar;E:\JavaProject\maven_store\io\projectreactor\reactor-test\3.6.0\reactor-test-3.6.0.jar;E:\JavaProject\maven_store\io\projectreactor\reactor-core\3.6.0\reactor-core-3.6.0.jar;E:\JavaProject\maven_store\org\reactivestreams\reactive-streams\1.0.4\reactive-streams-1.0.4.jar;E:\JavaProject\maven_store\org\springframework\boot\spring-boot-autoconfigure\3.2.0\spring-boot-autoconfigure-3.2.0.jar;E:\JavaProject\maven_store\org\springframework\boot\spring-boot\3.2.0\spring-boot-3.2.0.jar;E:\JavaProject\maven_store\org\springframework\spring-context\6.1.1\spring-context-6.1.1.jar;E:\JavaProject\maven_store\org\springframework\spring-aop\6.1.1\spring-aop-6.1.1.jar;E:\JavaProject\maven_store\org\springframework\spring-expression\6.1.1\spring-expression-6.1.1.jar;"/>
    <property name="java.vm.vendor" value="Oracle Corporation"/>
    <property name="sun.arch.data.model" value="64"/>
    <property name="user.variant" value=""/>
    <property name="java.vendor.url" value="https://java.oracle.com/"/>
    <property name="user.timezone" value="Asia/Shanghai"/>
    <property name="os.name" value="Windows 10"/>
    <property name="java.vm.specification.version" value="17"/>
    <property name="sun.java.launcher" value="SUN_STANDARD"/>
    <property name="user.country" value="CN"/>
    <property name="sun.boot.library.path" value="E:\Java17\jdk-17.0.9\bin"/>
    <property name="sun.java.command" value="C:\Users\admin\AppData\Local\Temp\surefire4393451695016534292\surefirebooter11598659609857669949.jar C:\Users\admin\AppData\Local\Temp\surefire4393451695016534292 2024-12-24T00-31-29_645-jvmRun1 surefire20292523080994259tmp surefire_02196322068492658509tmp"/>
    <property name="jdk.debug" value="release"/>
    <property name="surefire.test.class.path" value="E:\JavaProject\Hotel-Management-Microservices\api-gateway\target\test-classes;E:\JavaProject\Hotel-Management-Microservices\api-gateway\target\classes;E:\JavaProject\maven_store\org\springframework\cloud\spring-cloud-starter-gateway\4.1.5\spring-cloud-starter-gateway-4.1.5.jar;E:\JavaProject\maven_store\org\springframework\cloud\spring-cloud-starter\4.1.4\spring-cloud-starter-4.1.4.jar;E:\JavaProject\maven_store\org\springframework\security\spring-security-rsa\1.1.3\spring-security-rsa-1.1.3.jar;E:\JavaProject\maven_store\org\bouncycastle\bcprov-jdk18on\1.78\bcprov-jdk18on-1.78.jar;E:\JavaProject\maven_store\org\springframework\cloud\spring-cloud-gateway-server\4.1.5\spring-cloud-gateway-server-4.1.5.jar;E:\JavaProject\maven_store\org\springframework\boot\spring-boot-starter-validation\3.2.0\spring-boot-starter-validation-3.2.0.jar;E:\JavaProject\maven_store\org\apache\tomcat\embed\tomcat-embed-el\10.1.16\tomcat-embed-el-10.1.16.jar;E:\JavaProject\maven_store\org\hibernate\validator\hibernate-validator\8.0.1.Final\hibernate-validator-8.0.1.Final.jar;E:\JavaProject\maven_store\jakarta\validation\jakarta.validation-api\3.0.2\jakarta.validation-api-3.0.2.jar;E:\JavaProject\maven_store\org\jboss\logging\jboss-logging\3.5.3.Final\jboss-logging-3.5.3.Final.jar;E:\JavaProject\maven_store\com\fasterxml\classmate\1.6.0\classmate-1.6.0.jar;E:\JavaProject\maven_store\io\projectreactor\addons\reactor-extra\3.5.1\reactor-extra-3.5.1.jar;E:\JavaProject\maven_store\org\springframework\boot\spring-boot-starter-webflux\3.2.0\spring-boot-starter-webflux-3.2.0.jar;E:\JavaProject\maven_store\org\springframework\boot\spring-boot-starter-json\3.2.0\spring-boot-starter-json-3.2.0.jar;E:\JavaProject\maven_store\com\fasterxml\jackson\datatype\jackson-datatype-jdk8\2.15.3\jackson-datatype-jdk8-2.15.3.jar;E:\JavaProject\maven_store\com\fasterxml\jackson\datatype\jackson-datatype-jsr310\2.15.3\jackson-datatype-jsr310-2.15.3.jar;E:\JavaProject\maven_store\com\fasterxml\jackson\module\jackson-module-parameter-names\2.15.3\jackson-module-parameter-names-2.15.3.jar;E:\JavaProject\maven_store\org\springframework\boot\spring-boot-starter-reactor-netty\3.2.0\spring-boot-starter-reactor-netty-3.2.0.jar;E:\JavaProject\maven_store\io\projectreactor\netty\reactor-netty-http\1.1.13\reactor-netty-http-1.1.13.jar;E:\JavaProject\maven_store\io\netty\netty-codec-http\4.1.101.Final\netty-codec-http-4.1.101.Final.jar;E:\JavaProject\maven_store\io\netty\netty-common\4.1.101.Final\netty-common-4.1.101.Final.jar;E:\JavaProject\maven_store\io\netty\netty-buffer\4.1.101.Final\netty-buffer-4.1.101.Final.jar;E:\JavaProject\maven_store\io\netty\netty-transport\4.1.101.Final\netty-transport-4.1.101.Final.jar;E:\JavaProject\maven_store\io\netty\netty-codec\4.1.101.Final\netty-codec-4.1.101.Final.jar;E:\JavaProject\maven_store\io\netty\netty-handler\4.1.101.Final\netty-handler-4.1.101.Final.jar;E:\JavaProject\maven_store\io\netty\netty-codec-http2\4.1.101.Final\netty-codec-http2-4.1.101.Final.jar;E:\JavaProject\maven_store\io\netty\netty-resolver-dns\4.1.101.Final\netty-resolver-dns-4.1.101.Final.jar;E:\JavaProject\maven_store\io\netty\netty-resolver\4.1.101.Final\netty-resolver-4.1.101.Final.jar;E:\JavaProject\maven_store\io\netty\netty-codec-dns\4.1.101.Final\netty-codec-dns-4.1.101.Final.jar;E:\JavaProject\maven_store\io\netty\netty-resolver-dns-native-macos\4.1.101.Final\netty-resolver-dns-native-macos-4.1.101.Final-osx-x86_64.jar;E:\JavaProject\maven_store\io\netty\netty-resolver-dns-classes-macos\4.1.101.Final\netty-resolver-dns-classes-macos-4.1.101.Final.jar;E:\JavaProject\maven_store\io\netty\netty-transport-native-epoll\4.1.101.Final\netty-transport-native-epoll-4.1.101.Final-linux-x86_64.jar;E:\JavaProject\maven_store\io\netty\netty-transport-native-unix-common\4.1.101.Final\netty-transport-native-unix-common-4.1.101.Final.jar;E:\JavaProject\maven_store\io\netty\netty-transport-classes-epoll\4.1.101.Final\netty-transport-classes-epoll-4.1.101.Final.jar;E:\JavaProject\maven_store\io\projectreactor\netty\reactor-netty-core\1.1.13\reactor-netty-core-1.1.13.jar;E:\JavaProject\maven_store\io\netty\netty-handler-proxy\4.1.101.Final\netty-handler-proxy-4.1.101.Final.jar;E:\JavaProject\maven_store\io\netty\netty-codec-socks\4.1.101.Final\netty-codec-socks-4.1.101.Final.jar;E:\JavaProject\maven_store\org\springframework\spring-web\6.1.1\spring-web-6.1.1.jar;E:\JavaProject\maven_store\org\springframework\spring-beans\6.1.1\spring-beans-6.1.1.jar;E:\JavaProject\maven_store\io\micrometer\micrometer-observation\1.12.0\micrometer-observation-1.12.0.jar;E:\JavaProject\maven_store\org\springframework\spring-webflux\6.1.1\spring-webflux-6.1.1.jar;E:\JavaProject\maven_store\com\alibaba\cloud\spring-cloud-starter-alibaba-nacos-discovery\2023.0.3.2\spring-cloud-starter-alibaba-nacos-discovery-2023.0.3.2.jar;E:\JavaProject\maven_store\com\alibaba\cloud\spring-cloud-alibaba-commons\2023.0.3.2\spring-cloud-alibaba-commons-2023.0.3.2.jar;E:\JavaProject\maven_store\com\alibaba\nacos\nacos-client\2.4.2\nacos-client-2.4.2.jar;E:\JavaProject\maven_store\com\alibaba\nacos\nacos-auth-plugin\2.4.2\nacos-auth-plugin-2.4.2.jar;E:\JavaProject\maven_store\com\alibaba\nacos\nacos-encryption-plugin\2.4.2\nacos-encryption-plugin-2.4.2.jar;E:\JavaProject\maven_store\com\alibaba\nacos\nacos-logback-adapter-12\2.4.2\nacos-logback-adapter-12-2.4.2.jar;E:\JavaProject\maven_store\com\alibaba\nacos\logback-adapter\1.1.3\logback-adapter-1.1.3.jar;E:\JavaProject\maven_store\com\alibaba\nacos\nacos-log4j2-adapter\2.4.2\nacos-log4j2-adapter-2.4.2.jar;E:\JavaProject\maven_store\commons-codec\commons-codec\1.16.0\commons-codec-1.16.0.jar;E:\JavaProject\maven_store\com\fasterxml\jackson\core\jackson-core\2.15.3\jackson-core-2.15.3.jar;E:\JavaProject\maven_store\com\fasterxml\jackson\core\jackson-databind\2.15.3\jackson-databind-2.15.3.jar;E:\JavaProject\maven_store\com\fasterxml\jackson\core\jackson-annotations\2.15.3\jackson-annotations-2.15.3.jar;E:\JavaProject\maven_store\org\apache\httpcomponents\httpasyncclient\4.1.5\httpasyncclient-4.1.5.jar;E:\JavaProject\maven_store\org\apache\httpcomponents\httpcore-nio\4.4.16\httpcore-nio-4.4.16.jar;E:\JavaProject\maven_store\org\apache\httpcomponents\httpclient\4.5.13\httpclient-4.5.13.jar;E:\JavaProject\maven_store\org\apache\httpcomponents\httpcore\4.4.16\httpcore-4.4.16.jar;E:\JavaProject\maven_store\io\prometheus\simpleclient\0.16.0\simpleclient-0.16.0.jar;E:\JavaProject\maven_store\io\prometheus\simpleclient_tracer_otel\0.16.0\simpleclient_tracer_otel-0.16.0.jar;E:\JavaProject\maven_store\io\prometheus\simpleclient_tracer_common\0.16.0\simpleclient_tracer_common-0.16.0.jar;E:\JavaProject\maven_store\io\prometheus\simpleclient_tracer_otel_agent\0.16.0\simpleclient_tracer_otel_agent-0.16.0.jar;E:\JavaProject\maven_store\org\yaml\snakeyaml\2.2\snakeyaml-2.2.jar;E:\JavaProject\maven_store\io\micrometer\micrometer-core\1.12.0\micrometer-core-1.12.0.jar;E:\JavaProject\maven_store\io\micrometer\micrometer-commons\1.12.0\micrometer-commons-1.12.0.jar;E:\JavaProject\maven_store\org\hdrhistogram\HdrHistogram\2.1.12\HdrHistogram-2.1.12.jar;E:\JavaProject\maven_store\org\latencyutils\LatencyUtils\2.0.3\LatencyUtils-2.0.3.jar;E:\JavaProject\maven_store\org\springframework\cloud\spring-cloud-commons\4.1.4\spring-cloud-commons-4.1.4.jar;E:\JavaProject\maven_store\org\springframework\security\spring-security-crypto\6.2.0\spring-security-crypto-6.2.0.jar;E:\JavaProject\maven_store\org\springframework\cloud\spring-cloud-context\4.1.4\spring-cloud-context-4.1.4.jar;E:\JavaProject\maven_store\com\alibaba\cloud\spring-cloud-starter-alibaba-nacos-config\2023.0.3.2\spring-cloud-starter-alibaba-nacos-config-2023.0.3.2.jar;E:\JavaProject\maven_store\com\alibaba\cloud\spring-alibaba-nacos-config\2023.0.3.2\spring-alibaba-nacos-config-2023.0.3.2.jar;E:\JavaProject\maven_store\org\slf4j\slf4j-api\2.0.9\slf4j-api-2.0.9.jar;E:\JavaProject\maven_store\jakarta\annotation\jakarta.annotation-api\2.1.1\jakarta.annotation-api-2.1.1.jar;E:\JavaProject\maven_store\org\springframework\cloud\spring-cloud-starter-loadbalancer\4.1.4\spring-cloud-starter-loadbalancer-4.1.4.jar;E:\JavaProject\maven_store\org\springframework\cloud\spring-cloud-loadbalancer\4.1.4\spring-cloud-loadbalancer-4.1.4.jar;E:\JavaProject\maven_store\org\springframework\boot\spring-boot-starter-cache\3.2.0\spring-boot-starter-cache-3.2.0.jar;E:\JavaProject\maven_store\org\springframework\spring-context-support\6.1.1\spring-context-support-6.1.1.jar;E:\JavaProject\maven_store\com\stoyanr\evictor\1.0.0\evictor-1.0.0.jar;E:\JavaProject\maven_store\com\alibaba\csp\sentinel-spring-cloud-gateway-adapter\1.8.8\sentinel-spring-cloud-gateway-adapter-1.8.8.jar;E:\JavaProject\maven_store\com\alibaba\csp\sentinel-api-gateway-adapter-common\1.8.8\sentinel-api-gateway-adapter-common-1.8.8.jar;E:\JavaProject\maven_store\com\alibaba\csp\sentinel-core\1.8.8\sentinel-core-1.8.8.jar;E:\JavaProject\maven_store\com\alibaba\csp\sentinel-parameter-flow-control\1.8.8\sentinel-parameter-flow-control-1.8.8.jar;E:\JavaProject\maven_store\com\googlecode\concurrentlinkedhashmap\concurrentlinkedhashmap-lru\1.4.2\concurrentlinkedhashmap-lru-1.4.2.jar;E:\JavaProject\maven_store\com\alibaba\csp\sentinel-reactor-adapter\1.8.8\sentinel-reactor-adapter-1.8.8.jar;E:\JavaProject\maven_store\org\springframework\boot\spring-boot-starter-test\3.2.0\spring-boot-starter-test-3.2.0.jar;E:\JavaProject\maven_store\org\springframework\boot\spring-boot-starter\3.2.0\spring-boot-starter-3.2.0.jar;E:\JavaProject\maven_store\org\springframework\boot\spring-boot-starter-logging\3.2.0\spring-boot-starter-logging-3.2.0.jar;E:\JavaProject\maven_store\ch\qos\logback\logback-classic\1.4.11\logback-classic-1.4.11.jar;E:\JavaProject\maven_store\ch\qos\logback\logback-core\1.4.11\logback-core-1.4.11.jar;E:\JavaProject\maven_store\org\apache\logging\log4j\log4j-to-slf4j\2.21.1\log4j-to-slf4j-2.21.1.jar;E:\JavaProject\maven_store\org\apache\logging\log4j\log4j-api\2.21.1\log4j-api-2.21.1.jar;E:\JavaProject\maven_store\org\slf4j\jul-to-slf4j\2.0.9\jul-to-slf4j-2.0.9.jar;E:\JavaProject\maven_store\org\springframework\boot\spring-boot-test\3.2.0\spring-boot-test-3.2.0.jar;E:\JavaProject\maven_store\org\springframework\boot\spring-boot-test-autoconfigure\3.2.0\spring-boot-test-autoconfigure-3.2.0.jar;E:\JavaProject\maven_store\com\jayway\jsonpath\json-path\2.8.0\json-path-2.8.0.jar;E:\JavaProject\maven_store\jakarta\xml\bind\jakarta.xml.bind-api\4.0.1\jakarta.xml.bind-api-4.0.1.jar;E:\JavaProject\maven_store\jakarta\activation\jakarta.activation-api\2.1.2\jakarta.activation-api-2.1.2.jar;E:\JavaProject\maven_store\net\minidev\json-smart\2.5.0\json-smart-2.5.0.jar;E:\JavaProject\maven_store\net\minidev\accessors-smart\2.5.0\accessors-smart-2.5.0.jar;E:\JavaProject\maven_store\org\ow2\asm\asm\9.3\asm-9.3.jar;E:\JavaProject\maven_store\org\assertj\assertj-core\3.24.2\assertj-core-3.24.2.jar;E:\JavaProject\maven_store\net\bytebuddy\byte-buddy\1.14.10\byte-buddy-1.14.10.jar;E:\JavaProject\maven_store\org\awaitility\awaitility\4.2.0\awaitility-4.2.0.jar;E:\JavaProject\maven_store\org\hamcrest\hamcrest\2.2\hamcrest-2.2.jar;E:\JavaProject\maven_store\org\junit\jupiter\junit-jupiter\5.10.1\junit-jupiter-5.10.1.jar;E:\JavaProject\maven_store\org\junit\jupiter\junit-jupiter-api\5.10.1\junit-jupiter-api-5.10.1.jar;E:\JavaProject\maven_store\org\opentest4j\opentest4j\1.3.0\opentest4j-1.3.0.jar;E:\JavaProject\maven_store\org\junit\platform\junit-platform-commons\1.10.1\junit-platform-commons-1.10.1.jar;E:\JavaProject\maven_store\org\apiguardian\apiguardian-api\1.1.2\apiguardian-api-1.1.2.jar;E:\JavaProject\maven_store\org\junit\jupiter\junit-jupiter-params\5.10.1\junit-jupiter-params-5.10.1.jar;E:\JavaProject\maven_store\org\junit\jupiter\junit-jupiter-engine\5.10.1\junit-jupiter-engine-5.10.1.jar;E:\JavaProject\maven_store\org\junit\platform\junit-platform-engine\1.10.1\junit-platform-engine-1.10.1.jar;E:\JavaProject\maven_store\org\mockito\mockito-core\5.7.0\mockito-core-5.7.0.jar;E:\JavaProject\maven_store\net\bytebuddy\byte-buddy-agent\1.14.10\byte-buddy-agent-1.14.10.jar;E:\JavaProject\maven_store\org\objenesis\objenesis\3.3\objenesis-3.3.jar;E:\JavaProject\maven_store\org\mockito\mockito-junit-jupiter\5.7.0\mockito-junit-jupiter-5.7.0.jar;E:\JavaProject\maven_store\org\skyscreamer\jsonassert\1.5.1\jsonassert-1.5.1.jar;E:\JavaProject\maven_store\com\vaadin\external\google\android-json\0.0.20131108.vaadin1\android-json-0.0.20131108.vaadin1.jar;E:\JavaProject\maven_store\org\springframework\spring-core\6.1.1\spring-core-6.1.1.jar;E:\JavaProject\maven_store\org\springframework\spring-jcl\6.1.1\spring-jcl-6.1.1.jar;E:\JavaProject\maven_store\org\springframework\spring-test\6.1.1\spring-test-6.1.1.jar;E:\JavaProject\maven_store\org\xmlunit\xmlunit-core\2.9.1\xmlunit-core-2.9.1.jar;E:\JavaProject\maven_store\io\projectreactor\reactor-test\3.6.0\reactor-test-3.6.0.jar;E:\JavaProject\maven_store\io\projectreactor\reactor-core\3.6.0\reactor-core-3.6.0.jar;E:\JavaProject\maven_store\org\reactivestreams\reactive-streams\1.0.4\reactive-streams-1.0.4.jar;E:\JavaProject\maven_store\org\springframework\boot\spring-boot-autoconfigure\3.2.0\spring-boot-autoconfigure-3.2.0.jar;E:\JavaProject\maven_store\org\springframework\boot\spring-boot\3.2.0\spring-boot-3.2.0.jar;E:\JavaProject\maven_store\org\springframework\spring-context\6.1.1\spring-context-6.1.1.jar;E:\JavaProject\maven_store\org\springframework\spring-aop\6.1.1\spring-aop-6.1.1.jar;E:\JavaProject\maven_store\org\springframework\spring-expression\6.1.1\spring-expression-6.1.1.jar;"/>
    <property name="sun.cpu.endian" value="little"/>
    <property name="user.home" value="C:\Users\admin"/>
    <property name="user.language" value="zh"/>
    <property name="java.specification.vendor" value="Oracle Corporation"/>
    <property name="java.version.date" value="2023-10-17"/>
    <property name="java.home" value="E:\Java17\jdk-17.0.9"/>
    <property name="file.separator" value="\"/>
    <property name="basedir" value="E:\JavaProject\Hotel-Management-Microservices\api-gateway"/>
    <property name="java.vm.compressedOopsMode" value="Zero based"/>
    <property name="line.separator" value="&#10;"/>
    <property name="java.vm.specification.vendor" value="Oracle Corporation"/>
    <property name="java.specification.name" value="Java Platform API Specification"/>
    <property name="surefire.real.class.path" value="C:\Users\admin\AppData\Local\Temp\surefire4393451695016534292\surefirebooter11598659609857669949.jar"/>
    <property name="user.script" value=""/>
    <property name="sun.management.compiler" value="HotSpot 64-Bit Tiered Compilers"/>
    <property name="java.runtime.version" value="17.0.9+11-LTS-201"/>
    <property name="user.name" value="admin"/>
    <property name="path.separator" value=";"/>
    <property name="os.version" value="10.0"/>
    <property name="java.runtime.name" value="Java(TM) SE Runtime Environment"/>
    <property name="file.encoding" value="GBK"/>
    <property name="java.vm.name" value="Java HotSpot(TM) 64-Bit Server VM"/>
    <property name="localRepository" value="E:\JavaProject\maven_store"/>
    <property name="java.vendor.url.bug" value="https://bugreport.java.com/bugreport/"/>
    <property name="java.io.tmpdir" value="C:\Users\admin\AppData\Local\Temp\"/>
    <property name="java.version" value="17.0.9"/>
    <property name="user.dir" value="E:\JavaProject\Hotel-Management-Microservices\api-gateway"/>
    <property name="os.arch" value="amd64"/>
    <property name="java.vm.specification.name" value="Java Virtual Machine Specification"/>
    <property name="sun.os.patch.level" value=""/>
    <property name="native.encoding" value="GBK"/>
    <property name="java.library.path" value="E:\Java17\jdk-17.0.9\bin;C:\WINDOWS\Sun\Java\bin;C:\WINDOWS\system32;C:\WINDOWS;E:\Anaconda\software\condabin;C:\Program Files\Common Files\Oracle\Java\javapath;C:\Program Files\NVIDIA GPU Computing Toolkit\CUDA\v11.8\bin;C:\Program Files\NVIDIA GPU Computing Toolkit\CUDA\v11.8\libnvvp;C:\Program Files (x86)\Common Files\Intel\Shared Libraries\redist\intel64\compiler;E:\Java\jdk1.8.0_131\bin;E:\Java\jdk1.8.0_131\jre\bin;E:\node\phantomjs-2.1.1-windows\bin;C:\Program Files\Microsoft MPI\Bin\;C:\Program Files (x86)\Common Files\Oracle\Java\javapath;C:\Program Files (x86)\Intel\Intel(R) Management Engine Components\iCLS\;C:\Program Files\Intel\Intel(R) Management Engine Components\iCLS\;C:\Windows\system32;C:\Windows;C:\Windows\System32\Wbem;C:\Windows\System32\WindowsPowerShell\v1.0\;C:\Program Files (x86)\Intel\Intel(R) Management Engine Components\DAL;C:\Program Files\Intel\Intel(R) Management Engine Components\DAL;C:\Program Files (x86)\Intel\Intel(R) Management Engine Components\IPT;C:\Program Files\Intel\Intel(R) Management Engine Components\IPT;E:\MATLAB\R2018a\runtime\win64;E:\MATLAB\R2018a\bin;C:\WINDOWS\system32;C:\WINDOWS;C:\WINDOWS\System32\Wbem;C:\WINDOWS\System32\WindowsPowerShell\v1.0\;C:\WINDOWS\System32\OpenSSH\;C:\Program Files\dotnet\;C:\Program Files\Microsoft SQL Server\130\Tools\Binn\;C:\Program Files (x86)\Windows Kits\8.1\Windows Performance Toolkit\;E:\Texlive\bin\win32;E:\MinGW\mingw32\bin;C:\Program Files (x86)\Wolfram Research\WolframScript\;C:\WINDOWS\system32;C:\WINDOWS;C:\WINDOWS\System32\Wbem;C:\WINDOWS\System32\WindowsPowerShell\v1.0\;C:\WINDOWS\System32\OpenSSH\;E:\Android_Studio\android-sdk_r24.4.1-windows\android-sdk-windows\platform-tools;E:\cygwin\cygwin64\bin;E:\BurpSuite\burpsuite_pro_v2.1.05;E:\Anaconda\software\Scripts;E:\python3.6;E:\xfpt7\;E:\github\Git\cmd;C:\Program Files\nodejs\;C:\Program Files (x86)\Calibre2\;C:\Program Files\Google\Chrome\Application\chromedriver.exe;C:\Program Files (x86)\dotnet\;C:\Program Files (x86)\NVIDIA Corporation\PhysX\Common;C:\Program Files\NVIDIA Corporation\NVIDIA NvDLISR;C:\Program Files\NVIDIA Corporation\Nsight Compute 2022.3.0\;E:\JavaProject\apache-maven-3.9.1-bin\apache-maven-3.9.1\bin;E:\Jmeter\apache-jmeter-5.5\bin;C:\minikube;c:\Users\admin\AppData\Local\Programs\cursor\resources\app\bin;C:\Program Files\Docker\Docker\resources\bin;C:\Program Files\MySQL\MySQL Server 8.0\bin\;C:\Users\admin\AppData\Local\Microsoft\WindowsApps;E:\Texlive\bin\win32;E:\node\phantomjs-2.1.1-windows\bin;E:\VSCode\Microsoft VS Code\bin;F:\node;C:\Users\admin\AppData\Local\Pandoc\;C:\Users\admin\AppData\Roaming\npm;C:\Users\admin\.dotnet\tools;F:\wget;F:\mathtype;;."/>
    <property name="java.vm.info" value="mixed mode, sharing"/>
    <property name="java.vendor" value="Oracle Corporation"/>
    <property name="java.vm.version" value="17.0.9+11-LTS-201"/>
    <property name="sun.io.unicode.encoding" value="UnicodeLittle"/>
    <property name="java.class.version" value="61.0"/>
  </properties>
  <testcase name="contextLoads" classname="com.lcwd.gateway.ApiGatewayApplicationTests" time="1.797"/>
</testsuite>