<?xml version="1.0" encoding="UTF-8"?>
<testsuite xmlns:xsi="http://www.w3.org/2001/XMLSchema-instance" xsi:noNamespaceSchemaLocation="https://maven.apache.org/surefire/maven-surefire-plugin/xsd/surefire-test-report.xsd" name="com.lcwd.hotel.HotelserviceApplicationTests" time="3.551" tests="1" errors="1" skipped="0" failures="0">
  <properties>
    <property name="java.specification.version" value="17"/>
    <property name="sun.cpu.isalist" value="amd64"/>
    <property name="sun.jnu.encoding" value="GBK"/>
    <property name="java.class.path" value="E:\JavaProject\Hotel-Management-Microservices\hotel-service\target\test-classes;E:\JavaProject\Hotel-Management-Microservices\hotel-service\target\classes;E:\JavaProject\Hotel-Management-Microservices\hotel-common\target\hotel-common-1.0.0-SNAPSHOT.jar;E:\JavaProject\maven_store\com\baomidou\mybatis-plus-boot-starter\3.5.5\mybatis-plus-boot-starter-3.5.5.jar;E:\JavaProject\maven_store\com\fasterxml\jackson\core\jackson-annotations\2.15.3\jackson-annotations-2.15.3.jar;E:\JavaProject\maven_store\org\springframework\boot\spring-boot-starter-actuator\3.2.0\spring-boot-starter-actuator-3.2.0.jar;E:\JavaProject\maven_store\org\springframework\boot\spring-boot-starter\3.2.0\spring-boot-starter-3.2.0.jar;E:\JavaProject\maven_store\org\springframework\boot\spring-boot-starter-logging\3.2.0\spring-boot-starter-logging-3.2.0.jar;E:\JavaProject\maven_store\ch\qos\logback\logback-classic\1.4.11\logback-classic-1.4.11.jar;E:\JavaProject\maven_store\ch\qos\logback\logback-core\1.4.11\logback-core-1.4.11.jar;E:\JavaProject\maven_store\org\apache\logging\log4j\log4j-to-slf4j\2.21.1\log4j-to-slf4j-2.21.1.jar;E:\JavaProject\maven_store\org\apache\logging\log4j\log4j-api\2.21.1\log4j-api-2.21.1.jar;E:\JavaProject\maven_store\org\slf4j\jul-to-slf4j\2.0.9\jul-to-slf4j-2.0.9.jar;E:\JavaProject\maven_store\jakarta\annotation\jakarta.annotation-api\2.1.1\jakarta.annotation-api-2.1.1.jar;E:\JavaProject\maven_store\org\yaml\snakeyaml\2.2\snakeyaml-2.2.jar;E:\JavaProject\maven_store\org\springframework\boot\spring-boot-actuator-autoconfigure\3.2.0\spring-boot-actuator-autoconfigure-3.2.0.jar;E:\JavaProject\maven_store\org\springframework\boot\spring-boot-actuator\3.2.0\spring-boot-actuator-3.2.0.jar;E:\JavaProject\maven_store\com\fasterxml\jackson\core\jackson-databind\2.15.3\jackson-databind-2.15.3.jar;E:\JavaProject\maven_store\com\fasterxml\jackson\datatype\jackson-datatype-jsr310\2.15.3\jackson-datatype-jsr310-2.15.3.jar;E:\JavaProject\maven_store\io\micrometer\micrometer-observation\1.12.0\micrometer-observation-1.12.0.jar;E:\JavaProject\maven_store\io\micrometer\micrometer-commons\1.12.0\micrometer-commons-1.12.0.jar;E:\JavaProject\maven_store\io\micrometer\micrometer-jakarta9\1.12.0\micrometer-jakarta9-1.12.0.jar;E:\JavaProject\maven_store\io\micrometer\micrometer-core\1.12.0\micrometer-core-1.12.0.jar;E:\JavaProject\maven_store\org\hdrhistogram\HdrHistogram\2.1.12\HdrHistogram-2.1.12.jar;E:\JavaProject\maven_store\org\latencyutils\LatencyUtils\2.0.3\LatencyUtils-2.0.3.jar;E:\JavaProject\maven_store\org\springframework\cloud\spring-cloud-starter-netflix-eureka-client\4.1.3\spring-cloud-starter-netflix-eureka-client-4.1.3.jar;E:\JavaProject\maven_store\org\springframework\cloud\spring-cloud-starter\4.1.4\spring-cloud-starter-4.1.4.jar;E:\JavaProject\maven_store\org\springframework\cloud\spring-cloud-context\4.1.4\spring-cloud-context-4.1.4.jar;E:\JavaProject\maven_store\org\springframework\security\spring-security-crypto\6.2.0\spring-security-crypto-6.2.0.jar;E:\JavaProject\maven_store\org\springframework\cloud\spring-cloud-commons\4.1.4\spring-cloud-commons-4.1.4.jar;E:\JavaProject\maven_store\org\springframework\security\spring-security-rsa\1.1.3\spring-security-rsa-1.1.3.jar;E:\JavaProject\maven_store\org\bouncycastle\bcprov-jdk18on\1.78\bcprov-jdk18on-1.78.jar;E:\JavaProject\maven_store\org\springframework\cloud\spring-cloud-netflix-eureka-client\4.1.3\spring-cloud-netflix-eureka-client-4.1.3.jar;E:\JavaProject\maven_store\org\apache\httpcomponents\client5\httpclient5\5.2.1\httpclient5-5.2.1.jar;E:\JavaProject\maven_store\org\apache\httpcomponents\core5\httpcore5\5.2.3\httpcore5-5.2.3.jar;E:\JavaProject\maven_store\org\apache\httpcomponents\core5\httpcore5-h2\5.2.3\httpcore5-h2-5.2.3.jar;E:\JavaProject\maven_store\com\netflix\eureka\eureka-client\2.0.3\eureka-client-2.0.3.jar;E:\JavaProject\maven_store\com\thoughtworks\xstream\xstream\1.4.20\xstream-1.4.20.jar;E:\JavaProject\maven_store\io\github\x-stream\mxparser\1.2.2\mxparser-1.2.2.jar;E:\JavaProject\maven_store\xmlpull\xmlpull\1.1.3.1\xmlpull-1.1.3.1.jar;E:\JavaProject\maven_store\jakarta\ws\rs\jakarta.ws.rs-api\3.1.0\jakarta.ws.rs-api-3.1.0.jar;E:\JavaProject\maven_store\jakarta\inject\jakarta.inject-api\2.0.1\jakarta.inject-api-2.0.1.jar;E:\JavaProject\maven_store\com\netflix\spectator\spectator-api\1.7.3\spectator-api-1.7.3.jar;E:\JavaProject\maven_store\org\slf4j\slf4j-api\2.0.9\slf4j-api-2.0.9.jar;E:\JavaProject\maven_store\org\apache\httpcomponents\httpclient\4.5.3\httpclient-4.5.3.jar;E:\JavaProject\maven_store\org\apache\httpcomponents\httpcore\4.4.16\httpcore-4.4.16.jar;E:\JavaProject\maven_store\commons-codec\commons-codec\1.16.0\commons-codec-1.16.0.jar;E:\JavaProject\maven_store\commons-configuration\commons-configuration\1.10\commons-configuration-1.10.jar;E:\JavaProject\maven_store\commons-lang\commons-lang\2.6\commons-lang-2.6.jar;E:\JavaProject\maven_store\com\fasterxml\jackson\core\jackson-core\2.15.3\jackson-core-2.15.3.jar;E:\JavaProject\maven_store\com\netflix\netflix-commons\netflix-eventbus\0.3.0\netflix-eventbus-0.3.0.jar;E:\JavaProject\maven_store\com\netflix\netflix-commons\netflix-infix\0.3.0\netflix-infix-0.3.0.jar;E:\JavaProject\maven_store\commons-jxpath\commons-jxpath\1.3\commons-jxpath-1.3.jar;E:\JavaProject\maven_store\joda-time\joda-time\2.3\joda-time-2.3.jar;E:\JavaProject\maven_store\org\antlr\antlr-runtime\3.4\antlr-runtime-3.4.jar;E:\JavaProject\maven_store\org\antlr\stringtemplate\3.2.1\stringtemplate-3.2.1.jar;E:\JavaProject\maven_store\antlr\antlr\2.7.7\antlr-2.7.7.jar;E:\JavaProject\maven_store\com\google\code\gson\gson\2.10.1\gson-2.10.1.jar;E:\JavaProject\maven_store\com\netflix\servo\servo-core\0.5.3\servo-core-0.5.3.jar;E:\JavaProject\maven_store\org\apache\commons\commons-math\2.2\commons-math-2.2.jar;E:\JavaProject\maven_store\javax\annotation\javax.annotation-api\1.2\javax.annotation-api-1.2.jar;E:\JavaProject\maven_store\org\codehaus\jettison\jettison\1.5.4\jettison-1.5.4.jar;E:\JavaProject\maven_store\com\netflix\eureka\eureka-core\2.0.3\eureka-core-2.0.3.jar;E:\JavaProject\maven_store\com\fasterxml\woodstox\woodstox-core\6.2.1\woodstox-core-6.2.1.jar;E:\JavaProject\maven_store\org\codehaus\woodstox\stax2-api\4.2.1\stax2-api-4.2.1.jar;E:\JavaProject\maven_store\com\google\guava\guava\33.0.0-jre\guava-33.0.0-jre.jar;E:\JavaProject\maven_store\com\google\guava\failureaccess\1.0.2\failureaccess-1.0.2.jar;E:\JavaProject\maven_store\com\google\guava\listenablefuture\9999.0-empty-to-avoid-conflict-with-guava\listenablefuture-9999.0-empty-to-avoid-conflict-with-guava.jar;E:\JavaProject\maven_store\org\checkerframework\checker-qual\3.41.0\checker-qual-3.41.0.jar;E:\JavaProject\maven_store\com\google\errorprone\error_prone_annotations\2.23.0\error_prone_annotations-2.23.0.jar;E:\JavaProject\maven_store\com\google\j2objc\j2objc-annotations\2.8\j2objc-annotations-2.8.jar;E:\JavaProject\maven_store\org\springframework\cloud\spring-cloud-starter-loadbalancer\4.1.4\spring-cloud-starter-loadbalancer-4.1.4.jar;E:\JavaProject\maven_store\org\springframework\cloud\spring-cloud-loadbalancer\4.1.4\spring-cloud-loadbalancer-4.1.4.jar;E:\JavaProject\maven_store\io\projectreactor\reactor-core\3.6.0\reactor-core-3.6.0.jar;E:\JavaProject\maven_store\org\reactivestreams\reactive-streams\1.0.4\reactive-streams-1.0.4.jar;E:\JavaProject\maven_store\io\projectreactor\addons\reactor-extra\3.5.1\reactor-extra-3.5.1.jar;E:\JavaProject\maven_store\org\springframework\boot\spring-boot-starter-cache\3.2.0\spring-boot-starter-cache-3.2.0.jar;E:\JavaProject\maven_store\org\springframework\spring-context-support\6.1.1\spring-context-support-6.1.1.jar;E:\JavaProject\maven_store\com\stoyanr\evictor\1.0.0\evictor-1.0.0.jar;E:\JavaProject\maven_store\org\springframework\boot\spring-boot-starter-validation\3.2.0\spring-boot-starter-validation-3.2.0.jar;E:\JavaProject\maven_store\org\apache\tomcat\embed\tomcat-embed-el\10.1.16\tomcat-embed-el-10.1.16.jar;E:\JavaProject\maven_store\org\hibernate\validator\hibernate-validator\8.0.1.Final\hibernate-validator-8.0.1.Final.jar;E:\JavaProject\maven_store\jakarta\validation\jakarta.validation-api\3.0.2\jakarta.validation-api-3.0.2.jar;E:\JavaProject\maven_store\org\jboss\logging\jboss-logging\3.5.3.Final\jboss-logging-3.5.3.Final.jar;E:\JavaProject\maven_store\com\fasterxml\classmate\1.6.0\classmate-1.6.0.jar;E:\JavaProject\maven_store\org\springframework\boot\spring-boot-starter-web\3.2.0\spring-boot-starter-web-3.2.0.jar;E:\JavaProject\maven_store\org\springframework\boot\spring-boot-starter-json\3.2.0\spring-boot-starter-json-3.2.0.jar;E:\JavaProject\maven_store\com\fasterxml\jackson\datatype\jackson-datatype-jdk8\2.15.3\jackson-datatype-jdk8-2.15.3.jar;E:\JavaProject\maven_store\com\fasterxml\jackson\module\jackson-module-parameter-names\2.15.3\jackson-module-parameter-names-2.15.3.jar;E:\JavaProject\maven_store\org\springframework\boot\spring-boot-starter-tomcat\3.2.0\spring-boot-starter-tomcat-3.2.0.jar;E:\JavaProject\maven_store\org\apache\tomcat\embed\tomcat-embed-core\10.1.16\tomcat-embed-core-10.1.16.jar;E:\JavaProject\maven_store\org\apache\tomcat\embed\tomcat-embed-websocket\10.1.16\tomcat-embed-websocket-10.1.16.jar;E:\JavaProject\maven_store\org\springframework\spring-web\6.1.1\spring-web-6.1.1.jar;E:\JavaProject\maven_store\org\springframework\spring-beans\6.1.1\spring-beans-6.1.1.jar;E:\JavaProject\maven_store\org\springframework\spring-webmvc\6.1.1\spring-webmvc-6.1.1.jar;E:\JavaProject\maven_store\org\springframework\spring-aop\6.1.1\spring-aop-6.1.1.jar;E:\JavaProject\maven_store\org\springframework\spring-context\6.1.1\spring-context-6.1.1.jar;E:\JavaProject\maven_store\org\springframework\spring-expression\6.1.1\spring-expression-6.1.1.jar;E:\JavaProject\maven_store\org\springdoc\springdoc-openapi-starter-webmvc-ui\2.0.2\springdoc-openapi-starter-webmvc-ui-2.0.2.jar;E:\JavaProject\maven_store\org\springdoc\springdoc-openapi-starter-webmvc-api\2.0.2\springdoc-openapi-starter-webmvc-api-2.0.2.jar;E:\JavaProject\maven_store\org\springdoc\springdoc-openapi-starter-common\2.0.2\springdoc-openapi-starter-common-2.0.2.jar;E:\JavaProject\maven_store\io\swagger\core\v3\swagger-core-jakarta\2.2.7\swagger-core-jakarta-2.2.7.jar;E:\JavaProject\maven_store\org\apache\commons\commons-lang3\3.13.0\commons-lang3-3.13.0.jar;E:\JavaProject\maven_store\io\swagger\core\v3\swagger-annotations-jakarta\2.2.7\swagger-annotations-jakarta-2.2.7.jar;E:\JavaProject\maven_store\io\swagger\core\v3\swagger-models-jakarta\2.2.7\swagger-models-jakarta-2.2.7.jar;E:\JavaProject\maven_store\com\fasterxml\jackson\dataformat\jackson-dataformat-yaml\2.15.3\jackson-dataformat-yaml-2.15.3.jar;E:\JavaProject\maven_store\org\webjars\swagger-ui\4.15.5\swagger-ui-4.15.5.jar;E:\JavaProject\maven_store\org\webjars\webjars-locator-core\0.55\webjars-locator-core-0.55.jar;E:\JavaProject\maven_store\io\github\classgraph\classgraph\4.8.149\classgraph-4.8.149.jar;E:\JavaProject\maven_store\com\baomidou\mybatis-plus-spring-boot3-starter\3.5.5\mybatis-plus-spring-boot3-starter-3.5.5.jar;E:\JavaProject\maven_store\com\baomidou\mybatis-plus\3.5.5\mybatis-plus-3.5.5.jar;E:\JavaProject\maven_store\com\baomidou\mybatis-plus-core\3.5.5\mybatis-plus-core-3.5.5.jar;E:\JavaProject\maven_store\com\baomidou\mybatis-plus-annotation\3.5.5\mybatis-plus-annotation-3.5.5.jar;E:\JavaProject\maven_store\com\baomidou\mybatis-plus-extension\3.5.5\mybatis-plus-extension-3.5.5.jar;E:\JavaProject\maven_store\org\mybatis\mybatis\3.5.15\mybatis-3.5.15.jar;E:\JavaProject\maven_store\com\github\jsqlparser\jsqlparser\4.6\jsqlparser-4.6.jar;E:\JavaProject\maven_store\com\baomidou\mybatis-plus-spring-boot-autoconfigure\3.5.5\mybatis-plus-spring-boot-autoconfigure-3.5.5.jar;E:\JavaProject\maven_store\org\springframework\boot\spring-boot-autoconfigure\3.2.0\spring-boot-autoconfigure-3.2.0.jar;E:\JavaProject\maven_store\org\springframework\boot\spring-boot-starter-jdbc\3.2.0\spring-boot-starter-jdbc-3.2.0.jar;E:\JavaProject\maven_store\com\zaxxer\HikariCP\5.0.1\HikariCP-5.0.1.jar;E:\JavaProject\maven_store\org\springframework\spring-jdbc\6.1.1\spring-jdbc-6.1.1.jar;E:\JavaProject\maven_store\org\springframework\spring-tx\6.1.1\spring-tx-6.1.1.jar;E:\JavaProject\maven_store\org\mybatis\mybatis-spring\3.0.3\mybatis-spring-3.0.3.jar;E:\JavaProject\maven_store\mysql\mysql-connector-java\8.0.28\mysql-connector-java-8.0.28.jar;E:\JavaProject\maven_store\com\google\protobuf\protobuf-java\3.11.4\protobuf-java-3.11.4.jar;E:\JavaProject\maven_store\org\springframework\boot\spring-boot-devtools\3.2.0\spring-boot-devtools-3.2.0.jar;E:\JavaProject\maven_store\org\springframework\boot\spring-boot\3.2.0\spring-boot-3.2.0.jar;E:\JavaProject\maven_store\org\projectlombok\lombok\1.18.30\lombok-1.18.30.jar;E:\JavaProject\maven_store\org\springframework\boot\spring-boot-starter-test\3.2.0\spring-boot-starter-test-3.2.0.jar;E:\JavaProject\maven_store\org\springframework\boot\spring-boot-test\3.2.0\spring-boot-test-3.2.0.jar;E:\JavaProject\maven_store\org\springframework\boot\spring-boot-test-autoconfigure\3.2.0\spring-boot-test-autoconfigure-3.2.0.jar;E:\JavaProject\maven_store\com\jayway\jsonpath\json-path\2.8.0\json-path-2.8.0.jar;E:\JavaProject\maven_store\jakarta\xml\bind\jakarta.xml.bind-api\4.0.1\jakarta.xml.bind-api-4.0.1.jar;E:\JavaProject\maven_store\jakarta\activation\jakarta.activation-api\2.1.2\jakarta.activation-api-2.1.2.jar;E:\JavaProject\maven_store\net\minidev\json-smart\2.5.0\json-smart-2.5.0.jar;E:\JavaProject\maven_store\net\minidev\accessors-smart\2.5.0\accessors-smart-2.5.0.jar;E:\JavaProject\maven_store\org\ow2\asm\asm\9.3\asm-9.3.jar;E:\JavaProject\maven_store\org\assertj\assertj-core\3.24.2\assertj-core-3.24.2.jar;E:\JavaProject\maven_store\net\bytebuddy\byte-buddy\1.14.10\byte-buddy-1.14.10.jar;E:\JavaProject\maven_store\org\awaitility\awaitility\4.2.0\awaitility-4.2.0.jar;E:\JavaProject\maven_store\org\hamcrest\hamcrest\2.2\hamcrest-2.2.jar;E:\JavaProject\maven_store\org\junit\jupiter\junit-jupiter\5.10.1\junit-jupiter-5.10.1.jar;E:\JavaProject\maven_store\org\junit\jupiter\junit-jupiter-api\5.10.1\junit-jupiter-api-5.10.1.jar;E:\JavaProject\maven_store\org\opentest4j\opentest4j\1.3.0\opentest4j-1.3.0.jar;E:\JavaProject\maven_store\org\junit\platform\junit-platform-commons\1.10.1\junit-platform-commons-1.10.1.jar;E:\JavaProject\maven_store\org\apiguardian\apiguardian-api\1.1.2\apiguardian-api-1.1.2.jar;E:\JavaProject\maven_store\org\junit\jupiter\junit-jupiter-params\5.10.1\junit-jupiter-params-5.10.1.jar;E:\JavaProject\maven_store\org\junit\jupiter\junit-jupiter-engine\5.10.1\junit-jupiter-engine-5.10.1.jar;E:\JavaProject\maven_store\org\junit\platform\junit-platform-engine\1.10.1\junit-platform-engine-1.10.1.jar;E:\JavaProject\maven_store\org\mockito\mockito-core\5.7.0\mockito-core-5.7.0.jar;E:\JavaProject\maven_store\net\bytebuddy\byte-buddy-agent\1.14.10\byte-buddy-agent-1.14.10.jar;E:\JavaProject\maven_store\org\objenesis\objenesis\3.3\objenesis-3.3.jar;E:\JavaProject\maven_store\org\mockito\mockito-junit-jupiter\5.7.0\mockito-junit-jupiter-5.7.0.jar;E:\JavaProject\maven_store\org\skyscreamer\jsonassert\1.5.1\jsonassert-1.5.1.jar;E:\JavaProject\maven_store\com\vaadin\external\google\android-json\0.0.20131108.vaadin1\android-json-0.0.20131108.vaadin1.jar;E:\JavaProject\maven_store\org\springframework\spring-core\6.1.1\spring-core-6.1.1.jar;E:\JavaProject\maven_store\org\springframework\spring-jcl\6.1.1\spring-jcl-6.1.1.jar;E:\JavaProject\maven_store\org\springframework\spring-test\6.1.1\spring-test-6.1.1.jar;E:\JavaProject\maven_store\org\xmlunit\xmlunit-core\2.9.1\xmlunit-core-2.9.1.jar;"/>
    <property name="java.vm.vendor" value="Oracle Corporation"/>
    <property name="sun.arch.data.model" value="64"/>
    <property name="user.variant" value=""/>
    <property name="java.vendor.url" value="https://java.oracle.com/"/>
    <property name="user.timezone" value="Asia/Shanghai"/>
    <property name="os.name" value="Windows 10"/>
    <property name="java.vm.specification.version" value="17"/>
    <property name="sun.java.launcher" value="SUN_STANDARD"/>
    <property name="user.country" value="CN"/>
    <property name="sun.boot.library.path" value="E:\Java17\jdk-17.0.9\bin"/>
    <property name="sun.java.command" value="C:\Users\admin\AppData\Local\Temp\surefire10039396295719116699\surefirebooter7370085095417040916.jar C:\Users\admin\AppData\Local\Temp\surefire10039396295719116699 2024-12-24T00-31-29_645-jvmRun1 surefire2483992467603670262tmp surefire_114964175896059864018tmp"/>
    <property name="jdk.debug" value="release"/>
    <property name="surefire.test.class.path" value="E:\JavaProject\Hotel-Management-Microservices\hotel-service\target\test-classes;E:\JavaProject\Hotel-Management-Microservices\hotel-service\target\classes;E:\JavaProject\Hotel-Management-Microservices\hotel-common\target\hotel-common-1.0.0-SNAPSHOT.jar;E:\JavaProject\maven_store\com\baomidou\mybatis-plus-boot-starter\3.5.5\mybatis-plus-boot-starter-3.5.5.jar;E:\JavaProject\maven_store\com\fasterxml\jackson\core\jackson-annotations\2.15.3\jackson-annotations-2.15.3.jar;E:\JavaProject\maven_store\org\springframework\boot\spring-boot-starter-actuator\3.2.0\spring-boot-starter-actuator-3.2.0.jar;E:\JavaProject\maven_store\org\springframework\boot\spring-boot-starter\3.2.0\spring-boot-starter-3.2.0.jar;E:\JavaProject\maven_store\org\springframework\boot\spring-boot-starter-logging\3.2.0\spring-boot-starter-logging-3.2.0.jar;E:\JavaProject\maven_store\ch\qos\logback\logback-classic\1.4.11\logback-classic-1.4.11.jar;E:\JavaProject\maven_store\ch\qos\logback\logback-core\1.4.11\logback-core-1.4.11.jar;E:\JavaProject\maven_store\org\apache\logging\log4j\log4j-to-slf4j\2.21.1\log4j-to-slf4j-2.21.1.jar;E:\JavaProject\maven_store\org\apache\logging\log4j\log4j-api\2.21.1\log4j-api-2.21.1.jar;E:\JavaProject\maven_store\org\slf4j\jul-to-slf4j\2.0.9\jul-to-slf4j-2.0.9.jar;E:\JavaProject\maven_store\jakarta\annotation\jakarta.annotation-api\2.1.1\jakarta.annotation-api-2.1.1.jar;E:\JavaProject\maven_store\org\yaml\snakeyaml\2.2\snakeyaml-2.2.jar;E:\JavaProject\maven_store\org\springframework\boot\spring-boot-actuator-autoconfigure\3.2.0\spring-boot-actuator-autoconfigure-3.2.0.jar;E:\JavaProject\maven_store\org\springframework\boot\spring-boot-actuator\3.2.0\spring-boot-actuator-3.2.0.jar;E:\JavaProject\maven_store\com\fasterxml\jackson\core\jackson-databind\2.15.3\jackson-databind-2.15.3.jar;E:\JavaProject\maven_store\com\fasterxml\jackson\datatype\jackson-datatype-jsr310\2.15.3\jackson-datatype-jsr310-2.15.3.jar;E:\JavaProject\maven_store\io\micrometer\micrometer-observation\1.12.0\micrometer-observation-1.12.0.jar;E:\JavaProject\maven_store\io\micrometer\micrometer-commons\1.12.0\micrometer-commons-1.12.0.jar;E:\JavaProject\maven_store\io\micrometer\micrometer-jakarta9\1.12.0\micrometer-jakarta9-1.12.0.jar;E:\JavaProject\maven_store\io\micrometer\micrometer-core\1.12.0\micrometer-core-1.12.0.jar;E:\JavaProject\maven_store\org\hdrhistogram\HdrHistogram\2.1.12\HdrHistogram-2.1.12.jar;E:\JavaProject\maven_store\org\latencyutils\LatencyUtils\2.0.3\LatencyUtils-2.0.3.jar;E:\JavaProject\maven_store\org\springframework\cloud\spring-cloud-starter-netflix-eureka-client\4.1.3\spring-cloud-starter-netflix-eureka-client-4.1.3.jar;E:\JavaProject\maven_store\org\springframework\cloud\spring-cloud-starter\4.1.4\spring-cloud-starter-4.1.4.jar;E:\JavaProject\maven_store\org\springframework\cloud\spring-cloud-context\4.1.4\spring-cloud-context-4.1.4.jar;E:\JavaProject\maven_store\org\springframework\security\spring-security-crypto\6.2.0\spring-security-crypto-6.2.0.jar;E:\JavaProject\maven_store\org\springframework\cloud\spring-cloud-commons\4.1.4\spring-cloud-commons-4.1.4.jar;E:\JavaProject\maven_store\org\springframework\security\spring-security-rsa\1.1.3\spring-security-rsa-1.1.3.jar;E:\JavaProject\maven_store\org\bouncycastle\bcprov-jdk18on\1.78\bcprov-jdk18on-1.78.jar;E:\JavaProject\maven_store\org\springframework\cloud\spring-cloud-netflix-eureka-client\4.1.3\spring-cloud-netflix-eureka-client-4.1.3.jar;E:\JavaProject\maven_store\org\apache\httpcomponents\client5\httpclient5\5.2.1\httpclient5-5.2.1.jar;E:\JavaProject\maven_store\org\apache\httpcomponents\core5\httpcore5\5.2.3\httpcore5-5.2.3.jar;E:\JavaProject\maven_store\org\apache\httpcomponents\core5\httpcore5-h2\5.2.3\httpcore5-h2-5.2.3.jar;E:\JavaProject\maven_store\com\netflix\eureka\eureka-client\2.0.3\eureka-client-2.0.3.jar;E:\JavaProject\maven_store\com\thoughtworks\xstream\xstream\1.4.20\xstream-1.4.20.jar;E:\JavaProject\maven_store\io\github\x-stream\mxparser\1.2.2\mxparser-1.2.2.jar;E:\JavaProject\maven_store\xmlpull\xmlpull\1.1.3.1\xmlpull-1.1.3.1.jar;E:\JavaProject\maven_store\jakarta\ws\rs\jakarta.ws.rs-api\3.1.0\jakarta.ws.rs-api-3.1.0.jar;E:\JavaProject\maven_store\jakarta\inject\jakarta.inject-api\2.0.1\jakarta.inject-api-2.0.1.jar;E:\JavaProject\maven_store\com\netflix\spectator\spectator-api\1.7.3\spectator-api-1.7.3.jar;E:\JavaProject\maven_store\org\slf4j\slf4j-api\2.0.9\slf4j-api-2.0.9.jar;E:\JavaProject\maven_store\org\apache\httpcomponents\httpclient\4.5.3\httpclient-4.5.3.jar;E:\JavaProject\maven_store\org\apache\httpcomponents\httpcore\4.4.16\httpcore-4.4.16.jar;E:\JavaProject\maven_store\commons-codec\commons-codec\1.16.0\commons-codec-1.16.0.jar;E:\JavaProject\maven_store\commons-configuration\commons-configuration\1.10\commons-configuration-1.10.jar;E:\JavaProject\maven_store\commons-lang\commons-lang\2.6\commons-lang-2.6.jar;E:\JavaProject\maven_store\com\fasterxml\jackson\core\jackson-core\2.15.3\jackson-core-2.15.3.jar;E:\JavaProject\maven_store\com\netflix\netflix-commons\netflix-eventbus\0.3.0\netflix-eventbus-0.3.0.jar;E:\JavaProject\maven_store\com\netflix\netflix-commons\netflix-infix\0.3.0\netflix-infix-0.3.0.jar;E:\JavaProject\maven_store\commons-jxpath\commons-jxpath\1.3\commons-jxpath-1.3.jar;E:\JavaProject\maven_store\joda-time\joda-time\2.3\joda-time-2.3.jar;E:\JavaProject\maven_store\org\antlr\antlr-runtime\3.4\antlr-runtime-3.4.jar;E:\JavaProject\maven_store\org\antlr\stringtemplate\3.2.1\stringtemplate-3.2.1.jar;E:\JavaProject\maven_store\antlr\antlr\2.7.7\antlr-2.7.7.jar;E:\JavaProject\maven_store\com\google\code\gson\gson\2.10.1\gson-2.10.1.jar;E:\JavaProject\maven_store\com\netflix\servo\servo-core\0.5.3\servo-core-0.5.3.jar;E:\JavaProject\maven_store\org\apache\commons\commons-math\2.2\commons-math-2.2.jar;E:\JavaProject\maven_store\javax\annotation\javax.annotation-api\1.2\javax.annotation-api-1.2.jar;E:\JavaProject\maven_store\org\codehaus\jettison\jettison\1.5.4\jettison-1.5.4.jar;E:\JavaProject\maven_store\com\netflix\eureka\eureka-core\2.0.3\eureka-core-2.0.3.jar;E:\JavaProject\maven_store\com\fasterxml\woodstox\woodstox-core\6.2.1\woodstox-core-6.2.1.jar;E:\JavaProject\maven_store\org\codehaus\woodstox\stax2-api\4.2.1\stax2-api-4.2.1.jar;E:\JavaProject\maven_store\com\google\guava\guava\33.0.0-jre\guava-33.0.0-jre.jar;E:\JavaProject\maven_store\com\google\guava\failureaccess\1.0.2\failureaccess-1.0.2.jar;E:\JavaProject\maven_store\com\google\guava\listenablefuture\9999.0-empty-to-avoid-conflict-with-guava\listenablefuture-9999.0-empty-to-avoid-conflict-with-guava.jar;E:\JavaProject\maven_store\org\checkerframework\checker-qual\3.41.0\checker-qual-3.41.0.jar;E:\JavaProject\maven_store\com\google\errorprone\error_prone_annotations\2.23.0\error_prone_annotations-2.23.0.jar;E:\JavaProject\maven_store\com\google\j2objc\j2objc-annotations\2.8\j2objc-annotations-2.8.jar;E:\JavaProject\maven_store\org\springframework\cloud\spring-cloud-starter-loadbalancer\4.1.4\spring-cloud-starter-loadbalancer-4.1.4.jar;E:\JavaProject\maven_store\org\springframework\cloud\spring-cloud-loadbalancer\4.1.4\spring-cloud-loadbalancer-4.1.4.jar;E:\JavaProject\maven_store\io\projectreactor\reactor-core\3.6.0\reactor-core-3.6.0.jar;E:\JavaProject\maven_store\org\reactivestreams\reactive-streams\1.0.4\reactive-streams-1.0.4.jar;E:\JavaProject\maven_store\io\projectreactor\addons\reactor-extra\3.5.1\reactor-extra-3.5.1.jar;E:\JavaProject\maven_store\org\springframework\boot\spring-boot-starter-cache\3.2.0\spring-boot-starter-cache-3.2.0.jar;E:\JavaProject\maven_store\org\springframework\spring-context-support\6.1.1\spring-context-support-6.1.1.jar;E:\JavaProject\maven_store\com\stoyanr\evictor\1.0.0\evictor-1.0.0.jar;E:\JavaProject\maven_store\org\springframework\boot\spring-boot-starter-validation\3.2.0\spring-boot-starter-validation-3.2.0.jar;E:\JavaProject\maven_store\org\apache\tomcat\embed\tomcat-embed-el\10.1.16\tomcat-embed-el-10.1.16.jar;E:\JavaProject\maven_store\org\hibernate\validator\hibernate-validator\8.0.1.Final\hibernate-validator-8.0.1.Final.jar;E:\JavaProject\maven_store\jakarta\validation\jakarta.validation-api\3.0.2\jakarta.validation-api-3.0.2.jar;E:\JavaProject\maven_store\org\jboss\logging\jboss-logging\3.5.3.Final\jboss-logging-3.5.3.Final.jar;E:\JavaProject\maven_store\com\fasterxml\classmate\1.6.0\classmate-1.6.0.jar;E:\JavaProject\maven_store\org\springframework\boot\spring-boot-starter-web\3.2.0\spring-boot-starter-web-3.2.0.jar;E:\JavaProject\maven_store\org\springframework\boot\spring-boot-starter-json\3.2.0\spring-boot-starter-json-3.2.0.jar;E:\JavaProject\maven_store\com\fasterxml\jackson\datatype\jackson-datatype-jdk8\2.15.3\jackson-datatype-jdk8-2.15.3.jar;E:\JavaProject\maven_store\com\fasterxml\jackson\module\jackson-module-parameter-names\2.15.3\jackson-module-parameter-names-2.15.3.jar;E:\JavaProject\maven_store\org\springframework\boot\spring-boot-starter-tomcat\3.2.0\spring-boot-starter-tomcat-3.2.0.jar;E:\JavaProject\maven_store\org\apache\tomcat\embed\tomcat-embed-core\10.1.16\tomcat-embed-core-10.1.16.jar;E:\JavaProject\maven_store\org\apache\tomcat\embed\tomcat-embed-websocket\10.1.16\tomcat-embed-websocket-10.1.16.jar;E:\JavaProject\maven_store\org\springframework\spring-web\6.1.1\spring-web-6.1.1.jar;E:\JavaProject\maven_store\org\springframework\spring-beans\6.1.1\spring-beans-6.1.1.jar;E:\JavaProject\maven_store\org\springframework\spring-webmvc\6.1.1\spring-webmvc-6.1.1.jar;E:\JavaProject\maven_store\org\springframework\spring-aop\6.1.1\spring-aop-6.1.1.jar;E:\JavaProject\maven_store\org\springframework\spring-context\6.1.1\spring-context-6.1.1.jar;E:\JavaProject\maven_store\org\springframework\spring-expression\6.1.1\spring-expression-6.1.1.jar;E:\JavaProject\maven_store\org\springdoc\springdoc-openapi-starter-webmvc-ui\2.0.2\springdoc-openapi-starter-webmvc-ui-2.0.2.jar;E:\JavaProject\maven_store\org\springdoc\springdoc-openapi-starter-webmvc-api\2.0.2\springdoc-openapi-starter-webmvc-api-2.0.2.jar;E:\JavaProject\maven_store\org\springdoc\springdoc-openapi-starter-common\2.0.2\springdoc-openapi-starter-common-2.0.2.jar;E:\JavaProject\maven_store\io\swagger\core\v3\swagger-core-jakarta\2.2.7\swagger-core-jakarta-2.2.7.jar;E:\JavaProject\maven_store\org\apache\commons\commons-lang3\3.13.0\commons-lang3-3.13.0.jar;E:\JavaProject\maven_store\io\swagger\core\v3\swagger-annotations-jakarta\2.2.7\swagger-annotations-jakarta-2.2.7.jar;E:\JavaProject\maven_store\io\swagger\core\v3\swagger-models-jakarta\2.2.7\swagger-models-jakarta-2.2.7.jar;E:\JavaProject\maven_store\com\fasterxml\jackson\dataformat\jackson-dataformat-yaml\2.15.3\jackson-dataformat-yaml-2.15.3.jar;E:\JavaProject\maven_store\org\webjars\swagger-ui\4.15.5\swagger-ui-4.15.5.jar;E:\JavaProject\maven_store\org\webjars\webjars-locator-core\0.55\webjars-locator-core-0.55.jar;E:\JavaProject\maven_store\io\github\classgraph\classgraph\4.8.149\classgraph-4.8.149.jar;E:\JavaProject\maven_store\com\baomidou\mybatis-plus-spring-boot3-starter\3.5.5\mybatis-plus-spring-boot3-starter-3.5.5.jar;E:\JavaProject\maven_store\com\baomidou\mybatis-plus\3.5.5\mybatis-plus-3.5.5.jar;E:\JavaProject\maven_store\com\baomidou\mybatis-plus-core\3.5.5\mybatis-plus-core-3.5.5.jar;E:\JavaProject\maven_store\com\baomidou\mybatis-plus-annotation\3.5.5\mybatis-plus-annotation-3.5.5.jar;E:\JavaProject\maven_store\com\baomidou\mybatis-plus-extension\3.5.5\mybatis-plus-extension-3.5.5.jar;E:\JavaProject\maven_store\org\mybatis\mybatis\3.5.15\mybatis-3.5.15.jar;E:\JavaProject\maven_store\com\github\jsqlparser\jsqlparser\4.6\jsqlparser-4.6.jar;E:\JavaProject\maven_store\com\baomidou\mybatis-plus-spring-boot-autoconfigure\3.5.5\mybatis-plus-spring-boot-autoconfigure-3.5.5.jar;E:\JavaProject\maven_store\org\springframework\boot\spring-boot-autoconfigure\3.2.0\spring-boot-autoconfigure-3.2.0.jar;E:\JavaProject\maven_store\org\springframework\boot\spring-boot-starter-jdbc\3.2.0\spring-boot-starter-jdbc-3.2.0.jar;E:\JavaProject\maven_store\com\zaxxer\HikariCP\5.0.1\HikariCP-5.0.1.jar;E:\JavaProject\maven_store\org\springframework\spring-jdbc\6.1.1\spring-jdbc-6.1.1.jar;E:\JavaProject\maven_store\org\springframework\spring-tx\6.1.1\spring-tx-6.1.1.jar;E:\JavaProject\maven_store\org\mybatis\mybatis-spring\3.0.3\mybatis-spring-3.0.3.jar;E:\JavaProject\maven_store\mysql\mysql-connector-java\8.0.28\mysql-connector-java-8.0.28.jar;E:\JavaProject\maven_store\com\google\protobuf\protobuf-java\3.11.4\protobuf-java-3.11.4.jar;E:\JavaProject\maven_store\org\springframework\boot\spring-boot-devtools\3.2.0\spring-boot-devtools-3.2.0.jar;E:\JavaProject\maven_store\org\springframework\boot\spring-boot\3.2.0\spring-boot-3.2.0.jar;E:\JavaProject\maven_store\org\projectlombok\lombok\1.18.30\lombok-1.18.30.jar;E:\JavaProject\maven_store\org\springframework\boot\spring-boot-starter-test\3.2.0\spring-boot-starter-test-3.2.0.jar;E:\JavaProject\maven_store\org\springframework\boot\spring-boot-test\3.2.0\spring-boot-test-3.2.0.jar;E:\JavaProject\maven_store\org\springframework\boot\spring-boot-test-autoconfigure\3.2.0\spring-boot-test-autoconfigure-3.2.0.jar;E:\JavaProject\maven_store\com\jayway\jsonpath\json-path\2.8.0\json-path-2.8.0.jar;E:\JavaProject\maven_store\jakarta\xml\bind\jakarta.xml.bind-api\4.0.1\jakarta.xml.bind-api-4.0.1.jar;E:\JavaProject\maven_store\jakarta\activation\jakarta.activation-api\2.1.2\jakarta.activation-api-2.1.2.jar;E:\JavaProject\maven_store\net\minidev\json-smart\2.5.0\json-smart-2.5.0.jar;E:\JavaProject\maven_store\net\minidev\accessors-smart\2.5.0\accessors-smart-2.5.0.jar;E:\JavaProject\maven_store\org\ow2\asm\asm\9.3\asm-9.3.jar;E:\JavaProject\maven_store\org\assertj\assertj-core\3.24.2\assertj-core-3.24.2.jar;E:\JavaProject\maven_store\net\bytebuddy\byte-buddy\1.14.10\byte-buddy-1.14.10.jar;E:\JavaProject\maven_store\org\awaitility\awaitility\4.2.0\awaitility-4.2.0.jar;E:\JavaProject\maven_store\org\hamcrest\hamcrest\2.2\hamcrest-2.2.jar;E:\JavaProject\maven_store\org\junit\jupiter\junit-jupiter\5.10.1\junit-jupiter-5.10.1.jar;E:\JavaProject\maven_store\org\junit\jupiter\junit-jupiter-api\5.10.1\junit-jupiter-api-5.10.1.jar;E:\JavaProject\maven_store\org\opentest4j\opentest4j\1.3.0\opentest4j-1.3.0.jar;E:\JavaProject\maven_store\org\junit\platform\junit-platform-commons\1.10.1\junit-platform-commons-1.10.1.jar;E:\JavaProject\maven_store\org\apiguardian\apiguardian-api\1.1.2\apiguardian-api-1.1.2.jar;E:\JavaProject\maven_store\org\junit\jupiter\junit-jupiter-params\5.10.1\junit-jupiter-params-5.10.1.jar;E:\JavaProject\maven_store\org\junit\jupiter\junit-jupiter-engine\5.10.1\junit-jupiter-engine-5.10.1.jar;E:\JavaProject\maven_store\org\junit\platform\junit-platform-engine\1.10.1\junit-platform-engine-1.10.1.jar;E:\JavaProject\maven_store\org\mockito\mockito-core\5.7.0\mockito-core-5.7.0.jar;E:\JavaProject\maven_store\net\bytebuddy\byte-buddy-agent\1.14.10\byte-buddy-agent-1.14.10.jar;E:\JavaProject\maven_store\org\objenesis\objenesis\3.3\objenesis-3.3.jar;E:\JavaProject\maven_store\org\mockito\mockito-junit-jupiter\5.7.0\mockito-junit-jupiter-5.7.0.jar;E:\JavaProject\maven_store\org\skyscreamer\jsonassert\1.5.1\jsonassert-1.5.1.jar;E:\JavaProject\maven_store\com\vaadin\external\google\android-json\0.0.20131108.vaadin1\android-json-0.0.20131108.vaadin1.jar;E:\JavaProject\maven_store\org\springframework\spring-core\6.1.1\spring-core-6.1.1.jar;E:\JavaProject\maven_store\org\springframework\spring-jcl\6.1.1\spring-jcl-6.1.1.jar;E:\JavaProject\maven_store\org\springframework\spring-test\6.1.1\spring-test-6.1.1.jar;E:\JavaProject\maven_store\org\xmlunit\xmlunit-core\2.9.1\xmlunit-core-2.9.1.jar;"/>
    <property name="sun.cpu.endian" value="little"/>
    <property name="user.home" value="C:\Users\admin"/>
    <property name="user.language" value="zh"/>
    <property name="java.specification.vendor" value="Oracle Corporation"/>
    <property name="java.version.date" value="2023-10-17"/>
    <property name="java.home" value="E:\Java17\jdk-17.0.9"/>
    <property name="file.separator" value="\"/>
    <property name="basedir" value="E:\JavaProject\Hotel-Management-Microservices\hotel-service"/>
    <property name="java.vm.compressedOopsMode" value="Zero based"/>
    <property name="line.separator" value="&#10;"/>
    <property name="java.vm.specification.vendor" value="Oracle Corporation"/>
    <property name="java.specification.name" value="Java Platform API Specification"/>
    <property name="surefire.real.class.path" value="C:\Users\admin\AppData\Local\Temp\surefire10039396295719116699\surefirebooter7370085095417040916.jar"/>
    <property name="user.script" value=""/>
    <property name="sun.management.compiler" value="HotSpot 64-Bit Tiered Compilers"/>
    <property name="java.runtime.version" value="17.0.9+11-LTS-201"/>
    <property name="user.name" value="admin"/>
    <property name="path.separator" value=";"/>
    <property name="os.version" value="10.0"/>
    <property name="java.runtime.name" value="Java(TM) SE Runtime Environment"/>
    <property name="file.encoding" value="GBK"/>
    <property name="java.vm.name" value="Java HotSpot(TM) 64-Bit Server VM"/>
    <property name="localRepository" value="E:\JavaProject\maven_store"/>
    <property name="java.vendor.url.bug" value="https://bugreport.java.com/bugreport/"/>
    <property name="java.io.tmpdir" value="C:\Users\admin\AppData\Local\Temp\"/>
    <property name="java.version" value="17.0.9"/>
    <property name="user.dir" value="E:\JavaProject\Hotel-Management-Microservices\hotel-service"/>
    <property name="os.arch" value="amd64"/>
    <property name="java.vm.specification.name" value="Java Virtual Machine Specification"/>
    <property name="sun.os.patch.level" value=""/>
    <property name="native.encoding" value="GBK"/>
    <property name="java.library.path" value="E:\Java17\jdk-17.0.9\bin;C:\WINDOWS\Sun\Java\bin;C:\WINDOWS\system32;C:\WINDOWS;E:\Anaconda\software\condabin;C:\Program Files\Common Files\Oracle\Java\javapath;C:\Program Files\NVIDIA GPU Computing Toolkit\CUDA\v11.8\bin;C:\Program Files\NVIDIA GPU Computing Toolkit\CUDA\v11.8\libnvvp;C:\Program Files (x86)\Common Files\Intel\Shared Libraries\redist\intel64\compiler;E:\Java\jdk1.8.0_131\bin;E:\Java\jdk1.8.0_131\jre\bin;E:\node\phantomjs-2.1.1-windows\bin;C:\Program Files\Microsoft MPI\Bin\;C:\Program Files (x86)\Common Files\Oracle\Java\javapath;C:\Program Files (x86)\Intel\Intel(R) Management Engine Components\iCLS\;C:\Program Files\Intel\Intel(R) Management Engine Components\iCLS\;C:\Windows\system32;C:\Windows;C:\Windows\System32\Wbem;C:\Windows\System32\WindowsPowerShell\v1.0\;C:\Program Files (x86)\Intel\Intel(R) Management Engine Components\DAL;C:\Program Files\Intel\Intel(R) Management Engine Components\DAL;C:\Program Files (x86)\Intel\Intel(R) Management Engine Components\IPT;C:\Program Files\Intel\Intel(R) Management Engine Components\IPT;E:\MATLAB\R2018a\runtime\win64;E:\MATLAB\R2018a\bin;C:\WINDOWS\system32;C:\WINDOWS;C:\WINDOWS\System32\Wbem;C:\WINDOWS\System32\WindowsPowerShell\v1.0\;C:\WINDOWS\System32\OpenSSH\;C:\Program Files\dotnet\;C:\Program Files\Microsoft SQL Server\130\Tools\Binn\;C:\Program Files (x86)\Windows Kits\8.1\Windows Performance Toolkit\;E:\Texlive\bin\win32;E:\MinGW\mingw32\bin;C:\Program Files (x86)\Wolfram Research\WolframScript\;C:\WINDOWS\system32;C:\WINDOWS;C:\WINDOWS\System32\Wbem;C:\WINDOWS\System32\WindowsPowerShell\v1.0\;C:\WINDOWS\System32\OpenSSH\;E:\Android_Studio\android-sdk_r24.4.1-windows\android-sdk-windows\platform-tools;E:\cygwin\cygwin64\bin;E:\BurpSuite\burpsuite_pro_v2.1.05;E:\Anaconda\software\Scripts;E:\python3.6;E:\xfpt7\;E:\github\Git\cmd;C:\Program Files\nodejs\;C:\Program Files (x86)\Calibre2\;C:\Program Files\Google\Chrome\Application\chromedriver.exe;C:\Program Files (x86)\dotnet\;C:\Program Files (x86)\NVIDIA Corporation\PhysX\Common;C:\Program Files\NVIDIA Corporation\NVIDIA NvDLISR;C:\Program Files\NVIDIA Corporation\Nsight Compute 2022.3.0\;E:\JavaProject\apache-maven-3.9.1-bin\apache-maven-3.9.1\bin;E:\Jmeter\apache-jmeter-5.5\bin;C:\minikube;c:\Users\admin\AppData\Local\Programs\cursor\resources\app\bin;C:\Program Files\Docker\Docker\resources\bin;C:\Program Files\MySQL\MySQL Server 8.0\bin\;C:\Users\admin\AppData\Local\Microsoft\WindowsApps;E:\Texlive\bin\win32;E:\node\phantomjs-2.1.1-windows\bin;E:\VSCode\Microsoft VS Code\bin;F:\node;C:\Users\admin\AppData\Local\Pandoc\;C:\Users\admin\AppData\Roaming\npm;C:\Users\admin\.dotnet\tools;F:\wget;F:\mathtype;;."/>
    <property name="java.vm.info" value="mixed mode, sharing"/>
    <property name="java.vendor" value="Oracle Corporation"/>
    <property name="java.vm.version" value="17.0.9+11-LTS-201"/>
    <property name="sun.io.unicode.encoding" value="UnicodeLittle"/>
    <property name="java.class.version" value="61.0"/>
  </properties>
  <testcase name="contextLoads" classname="com.lcwd.hotel.HotelserviceApplicationTests" time="0.002">
    <error message="Failed to load ApplicationContext for [WebMergedContextConfiguration@63917fe1 testClass = com.lcwd.hotel.HotelserviceApplicationTests, locations = [], classes = [com.lcwd.hotel.HotelServiceApplication], contextInitializerClasses = [], activeProfiles = [], propertySourceDescriptors = [], propertySourceProperties = [&quot;org.springframework.boot.test.context.SpringBootTestContextBootstrapper=true&quot;], contextCustomizers = [org.springframework.boot.test.context.filter.ExcludeFilterContextCustomizer@413d1baf, org.springframework.boot.test.json.DuplicateJsonObjectContextCustomizerFactory$DuplicateJsonObjectContextCustomizer@5524cca1, org.springframework.boot.test.mock.mockito.MockitoContextCustomizer@0, org.springframework.boot.test.web.client.TestRestTemplateContextCustomizer@221a3fa4, org.springframework.boot.test.autoconfigure.actuate.observability.ObservabilityContextCustomizerFactory$DisableObservabilityContextCustomizer@1f, org.springframework.boot.test.autoconfigure.properties.PropertyMappingContextCustomizer@0, org.springframework.boot.test.autoconfigure.web.servlet.WebDriverContextCustomizer@4a8355dd, org.springframework.boot.test.context.SpringBootTestAnnotation@db71811f], resourceBasePath = &quot;src/main/webapp&quot;, contextLoader = org.springframework.boot.test.context.SpringBootContextLoader, parent = null]" type="java.lang.IllegalStateException">java.lang.IllegalStateException: Failed to load ApplicationContext for [WebMergedContextConfiguration@63917fe1 testClass = com.lcwd.hotel.HotelserviceApplicationTests, locations = [], classes = [com.lcwd.hotel.HotelServiceApplication], contextInitializerClasses = [], activeProfiles = [], propertySourceDescriptors = [], propertySourceProperties = ["org.springframework.boot.test.context.SpringBootTestContextBootstrapper=true"], contextCustomizers = [org.springframework.boot.test.context.filter.ExcludeFilterContextCustomizer@413d1baf, org.springframework.boot.test.json.DuplicateJsonObjectContextCustomizerFactory$DuplicateJsonObjectContextCustomizer@5524cca1, org.springframework.boot.test.mock.mockito.MockitoContextCustomizer@0, org.springframework.boot.test.web.client.TestRestTemplateContextCustomizer@221a3fa4, org.springframework.boot.test.autoconfigure.actuate.observability.ObservabilityContextCustomizerFactory$DisableObservabilityContextCustomizer@1f, org.springframework.boot.test.autoconfigure.properties.PropertyMappingContextCustomizer@0, org.springframework.boot.test.autoconfigure.web.servlet.WebDriverContextCustomizer@4a8355dd, org.springframework.boot.test.context.SpringBootTestAnnotation@db71811f], resourceBasePath = "src/main/webapp", contextLoader = org.springframework.boot.test.context.SpringBootContextLoader, parent = null]
Caused by: org.springframework.beans.factory.UnsatisfiedDependencyException: Error creating bean with name 'bookingController': Unsatisfied dependency expressed through field 'hotelService': Error creating bean with name 'hotelServiceImpl': Unsatisfied dependency expressed through field 'hotelMapper': Error creating bean with name 'hotelMapper' defined in URL [jar:file:/E:/JavaProject/Hotel-Management-Microservices/hotel-common/target/hotel-common-1.0.0-SNAPSHOT.jar!/com/zh/hotel/mapper/HotelMapper.class]: Unsatisfied dependency expressed through bean property 'sqlSessionFactory': Error creating bean with name 'sqlSessionFactory' defined in class path resource [com/baomidou/mybatisplus/autoconfigure/MybatisPlusAutoConfiguration.class]: Unsatisfied dependency expressed through method 'sqlSessionFactory' parameter 0: Error creating bean with name 'dataSource' defined in class path resource [org/springframework/boot/autoconfigure/jdbc/DataSourceConfiguration$Hikari.class]: Failed to instantiate [com.zaxxer.hikari.HikariDataSource]: Factory method 'dataSource' threw exception with message: Failed to determine a suitable driver class
Caused by: org.springframework.beans.factory.UnsatisfiedDependencyException: Error creating bean with name 'hotelServiceImpl': Unsatisfied dependency expressed through field 'hotelMapper': Error creating bean with name 'hotelMapper' defined in URL [jar:file:/E:/JavaProject/Hotel-Management-Microservices/hotel-common/target/hotel-common-1.0.0-SNAPSHOT.jar!/com/zh/hotel/mapper/HotelMapper.class]: Unsatisfied dependency expressed through bean property 'sqlSessionFactory': Error creating bean with name 'sqlSessionFactory' defined in class path resource [com/baomidou/mybatisplus/autoconfigure/MybatisPlusAutoConfiguration.class]: Unsatisfied dependency expressed through method 'sqlSessionFactory' parameter 0: Error creating bean with name 'dataSource' defined in class path resource [org/springframework/boot/autoconfigure/jdbc/DataSourceConfiguration$Hikari.class]: Failed to instantiate [com.zaxxer.hikari.HikariDataSource]: Factory method 'dataSource' threw exception with message: Failed to determine a suitable driver class
Caused by: org.springframework.beans.factory.UnsatisfiedDependencyException: Error creating bean with name 'hotelMapper' defined in URL [jar:file:/E:/JavaProject/Hotel-Management-Microservices/hotel-common/target/hotel-common-1.0.0-SNAPSHOT.jar!/com/zh/hotel/mapper/HotelMapper.class]: Unsatisfied dependency expressed through bean property 'sqlSessionFactory': Error creating bean with name 'sqlSessionFactory' defined in class path resource [com/baomidou/mybatisplus/autoconfigure/MybatisPlusAutoConfiguration.class]: Unsatisfied dependency expressed through method 'sqlSessionFactory' parameter 0: Error creating bean with name 'dataSource' defined in class path resource [org/springframework/boot/autoconfigure/jdbc/DataSourceConfiguration$Hikari.class]: Failed to instantiate [com.zaxxer.hikari.HikariDataSource]: Factory method 'dataSource' threw exception with message: Failed to determine a suitable driver class
Caused by: org.springframework.beans.factory.UnsatisfiedDependencyException: Error creating bean with name 'sqlSessionFactory' defined in class path resource [com/baomidou/mybatisplus/autoconfigure/MybatisPlusAutoConfiguration.class]: Unsatisfied dependency expressed through method 'sqlSessionFactory' parameter 0: Error creating bean with name 'dataSource' defined in class path resource [org/springframework/boot/autoconfigure/jdbc/DataSourceConfiguration$Hikari.class]: Failed to instantiate [com.zaxxer.hikari.HikariDataSource]: Factory method 'dataSource' threw exception with message: Failed to determine a suitable driver class
Caused by: org.springframework.beans.factory.BeanCreationException: Error creating bean with name 'dataSource' defined in class path resource [org/springframework/boot/autoconfigure/jdbc/DataSourceConfiguration$Hikari.class]: Failed to instantiate [com.zaxxer.hikari.HikariDataSource]: Factory method 'dataSource' threw exception with message: Failed to determine a suitable driver class
Caused by: org.springframework.beans.BeanInstantiationException: Failed to instantiate [com.zaxxer.hikari.HikariDataSource]: Factory method 'dataSource' threw exception with message: Failed to determine a suitable driver class
Caused by: org.springframework.boot.autoconfigure.jdbc.DataSourceProperties$DataSourceBeanCreationException: Failed to determine a suitable driver class
</error>
    <system-out><![CDATA[00:32:07.577 [main] INFO org.springframework.test.context.support.AnnotationConfigContextLoaderUtils -- Could not detect default configuration classes for test class [com.lcwd.hotel.HotelserviceApplicationTests]: HotelserviceApplicationTests does not declare any static, non-private, non-final, nested classes annotated with @Configuration.
00:32:07.692 [main] INFO org.springframework.boot.test.context.SpringBootTestContextBootstrapper -- Found @SpringBootConfiguration com.lcwd.hotel.HotelServiceApplication for test class com.lcwd.hotel.HotelserviceApplicationTests
00:32:07.914 [main] INFO org.springframework.boot.devtools.restart.RestartApplicationListener -- Restart disabled due to context in which it is running

  .   ____          _            __ _ _
 /\\ / ___'_ __ _ _(_)_ __  __ _ \ \ \ \
( ( )\___ | '_ | '_| | '_ \/ _` | \ \ \ \
 \\/  ___)| |_)| | | | | || (_| |  ) ) ) )
  '  |____| .__|_| |_|_| |_\__, | / / / /
 =========|_|==============|___/=/_/_/_/
 :: Spring Boot ::                (v3.2.0)

2024-12-24T00:32:08.622+08:00  INFO 33188 --- [hotel-service] [           main] c.l.hotel.HotelserviceApplicationTests   : Starting HotelserviceApplicationTests using Java 17.0.9 with PID 33188 (started by admin in E:\JavaProject\Hotel-Management-Microservices\hotel-service)
2024-12-24T00:32:08.623+08:00  INFO 33188 --- [hotel-service] [           main] c.l.hotel.HotelserviceApplicationTests   : No active profile set, falling back to 1 default profile: "default"
2024-12-24T00:32:10.338+08:00  INFO 33188 --- [hotel-service] [           main] o.s.cloud.context.scope.GenericScope     : BeanFactory id=63d1be05-572e-3a3e-9132-7bdbe14fc403
2024-12-24T00:32:10.620+08:00  WARN 33188 --- [hotel-service] [           main] trationDelegate$BeanPostProcessorChecker : Bean 'org.springframework.cloud.client.loadbalancer.LoadBalancerAutoConfiguration$DeferringLoadBalancerInterceptorConfig' of type [org.springframework.cloud.client.loadbalancer.LoadBalancerAutoConfiguration$DeferringLoadBalancerInterceptorConfig] is not eligible for getting processed by all BeanPostProcessors (for example: not eligible for auto-proxying). The currently created BeanPostProcessor [lbRestClientPostProcessor] is declared through a non-static factory method on that class; consider declaring it as static instead.
2024-12-24T00:32:10.622+08:00  WARN 33188 --- [hotel-service] [           main] trationDelegate$BeanPostProcessorChecker : Bean 'deferringLoadBalancerInterceptor' of type [org.springframework.cloud.client.loadbalancer.DeferringLoadBalancerInterceptor] is not eligible for getting processed by all BeanPostProcessors (for example: not eligible for auto-proxying). Is this bean getting eagerly injected into a currently created BeanPostProcessor [lbRestClientPostProcessor]? Check the corresponding BeanPostProcessor declaration and its dependencies.
2024-12-24T00:32:10.691+08:00  WARN 33188 --- [hotel-service] [           main] o.s.w.c.s.GenericWebApplicationContext   : Exception encountered during context initialization - cancelling refresh attempt: org.springframework.beans.factory.UnsatisfiedDependencyException: Error creating bean with name 'bookingController': Unsatisfied dependency expressed through field 'hotelService': Error creating bean with name 'hotelServiceImpl': Unsatisfied dependency expressed through field 'hotelMapper': Error creating bean with name 'hotelMapper' defined in URL [jar:file:/E:/JavaProject/Hotel-Management-Microservices/hotel-common/target/hotel-common-1.0.0-SNAPSHOT.jar!/com/zh/hotel/mapper/HotelMapper.class]: Unsatisfied dependency expressed through bean property 'sqlSessionFactory': Error creating bean with name 'sqlSessionFactory' defined in class path resource [com/baomidou/mybatisplus/autoconfigure/MybatisPlusAutoConfiguration.class]: Unsatisfied dependency expressed through method 'sqlSessionFactory' parameter 0: Error creating bean with name 'dataSource' defined in class path resource [org/springframework/boot/autoconfigure/jdbc/DataSourceConfiguration$Hikari.class]: Failed to instantiate [com.zaxxer.hikari.HikariDataSource]: Factory method 'dataSource' threw exception with message: Failed to determine a suitable driver class
2024-12-24T00:32:10.711+08:00  INFO 33188 --- [hotel-service] [           main] .s.b.a.l.ConditionEvaluationReportLogger : 

Error starting ApplicationContext. To display the condition evaluation report re-run your application with 'debug' enabled.
2024-12-24T00:32:10.742+08:00 ERROR 33188 --- [hotel-service] [           main] o.s.b.d.LoggingFailureAnalysisReporter   : 

***************************
APPLICATION FAILED TO START
***************************

Description:

Failed to configure a DataSource: 'url' attribute is not specified and no embedded datasource could be configured.

Reason: Failed to determine a suitable driver class


Action:

Consider the following:
	If you want an embedded database (H2, HSQL or Derby), please put it on the classpath.
	If you have database settings to be loaded from a particular profile you may need to activate it (no profiles are currently active).

2024-12-24T00:32:10.751+08:00 ERROR 33188 --- [hotel-service] [           main] o.s.test.context.TestContextManager      : Caught exception while allowing TestExecutionListener [org.springframework.test.context.web.ServletTestExecutionListener] to prepare test instance [com.lcwd.hotel.HotelserviceApplicationTests@720f56e2]

java.lang.IllegalStateException: Failed to load ApplicationContext for [WebMergedContextConfiguration@63917fe1 testClass = com.lcwd.hotel.HotelserviceApplicationTests, locations = [], classes = [com.lcwd.hotel.HotelServiceApplication], contextInitializerClasses = [], activeProfiles = [], propertySourceDescriptors = [], propertySourceProperties = ["org.springframework.boot.test.context.SpringBootTestContextBootstrapper=true"], contextCustomizers = [org.springframework.boot.test.context.filter.ExcludeFilterContextCustomizer@413d1baf, org.springframework.boot.test.json.DuplicateJsonObjectContextCustomizerFactory$DuplicateJsonObjectContextCustomizer@5524cca1, org.springframework.boot.test.mock.mockito.MockitoContextCustomizer@0, org.springframework.boot.test.web.client.TestRestTemplateContextCustomizer@221a3fa4, org.springframework.boot.test.autoconfigure.actuate.observability.ObservabilityContextCustomizerFactory$DisableObservabilityContextCustomizer@1f, org.springframework.boot.test.autoconfigure.properties.PropertyMappingContextCustomizer@0, org.springframework.boot.test.autoconfigure.web.servlet.WebDriverContextCustomizer@4a8355dd, org.springframework.boot.test.context.SpringBootTestAnnotation@db71811f], resourceBasePath = "src/main/webapp", contextLoader = org.springframework.boot.test.context.SpringBootContextLoader, parent = null]
	at org.springframework.test.context.cache.DefaultCacheAwareContextLoaderDelegate.loadContext(DefaultCacheAwareContextLoaderDelegate.java:180) ~[spring-test-6.1.1.jar:6.1.1]
	at org.springframework.test.context.support.DefaultTestContext.getApplicationContext(DefaultTestContext.java:130) ~[spring-test-6.1.1.jar:6.1.1]
	at org.springframework.test.context.web.ServletTestExecutionListener.setUpRequestContextIfNecessary(ServletTestExecutionListener.java:191) ~[spring-test-6.1.1.jar:6.1.1]
	at org.springframework.test.context.web.ServletTestExecutionListener.prepareTestInstance(ServletTestExecutionListener.java:130) ~[spring-test-6.1.1.jar:6.1.1]
	at org.springframework.test.context.TestContextManager.prepareTestInstance(TestContextManager.java:247) ~[spring-test-6.1.1.jar:6.1.1]
	at org.springframework.test.context.junit.jupiter.SpringExtension.postProcessTestInstance(SpringExtension.java:163) ~[spring-test-6.1.1.jar:6.1.1]
	at org.junit.jupiter.engine.descriptor.ClassBasedTestDescriptor.lambda$invokeTestInstancePostProcessors$10(ClassBasedTestDescriptor.java:378) ~[junit-jupiter-engine-5.10.1.jar:5.10.1]
	at org.junit.jupiter.engine.descriptor.ClassBasedTestDescriptor.executeAndMaskThrowable(ClassBasedTestDescriptor.java:383) ~[junit-jupiter-engine-5.10.1.jar:5.10.1]
	at org.junit.jupiter.engine.descriptor.ClassBasedTestDescriptor.lambda$invokeTestInstancePostProcessors$11(ClassBasedTestDescriptor.java:378) ~[junit-jupiter-engine-5.10.1.jar:5.10.1]
	at java.base/java.util.stream.ReferencePipeline$3$1.accept(ReferencePipeline.java:197) ~[na:na]
	at java.base/java.util.stream.ReferencePipeline$2$1.accept(ReferencePipeline.java:179) ~[na:na]
	at java.base/java.util.ArrayList$ArrayListSpliterator.forEachRemaining(ArrayList.java:1625) ~[na:na]
	at java.base/java.util.stream.AbstractPipeline.copyInto(AbstractPipeline.java:509) ~[na:na]
	at java.base/java.util.stream.AbstractPipeline.wrapAndCopyInto(AbstractPipeline.java:499) ~[na:na]
	at java.base/java.util.stream.StreamSpliterators$WrappingSpliterator.forEachRemaining(StreamSpliterators.java:310) ~[na:na]
	at java.base/java.util.stream.Streams$ConcatSpliterator.forEachRemaining(Streams.java:735) ~[na:na]
	at java.base/java.util.stream.Streams$ConcatSpliterator.forEachRemaining(Streams.java:734) ~[na:na]
	at java.base/java.util.stream.ReferencePipeline$Head.forEach(ReferencePipeline.java:762) ~[na:na]
	at org.junit.jupiter.engine.descriptor.ClassBasedTestDescriptor.invokeTestInstancePostProcessors(ClassBasedTestDescriptor.java:377) ~[junit-jupiter-engine-5.10.1.jar:5.10.1]
	at org.junit.jupiter.engine.descriptor.ClassBasedTestDescriptor.lambda$instantiateAndPostProcessTestInstance$6(ClassBasedTestDescriptor.java:290) ~[junit-jupiter-engine-5.10.1.jar:5.10.1]
	at org.junit.platform.engine.support.hierarchical.ThrowableCollector.execute(ThrowableCollector.java:73) ~[junit-platform-engine-1.10.1.jar:1.10.1]
	at org.junit.jupiter.engine.descriptor.ClassBasedTestDescriptor.instantiateAndPostProcessTestInstance(ClassBasedTestDescriptor.java:289) ~[junit-jupiter-engine-5.10.1.jar:5.10.1]
	at org.junit.jupiter.engine.descriptor.ClassBasedTestDescriptor.lambda$testInstancesProvider$4(ClassBasedTestDescriptor.java:279) ~[junit-jupiter-engine-5.10.1.jar:5.10.1]
	at java.base/java.util.Optional.orElseGet(Optional.java:364) ~[na:na]
	at org.junit.jupiter.engine.descriptor.ClassBasedTestDescriptor.lambda$testInstancesProvider$5(ClassBasedTestDescriptor.java:278) ~[junit-jupiter-engine-5.10.1.jar:5.10.1]
	at org.junit.jupiter.engine.execution.TestInstancesProvider.getTestInstances(TestInstancesProvider.java:31) ~[junit-jupiter-engine-5.10.1.jar:5.10.1]
	at org.junit.jupiter.engine.descriptor.TestMethodTestDescriptor.lambda$prepare$0(TestMethodTestDescriptor.java:106) ~[junit-jupiter-engine-5.10.1.jar:5.10.1]
	at org.junit.platform.engine.support.hierarchical.ThrowableCollector.execute(ThrowableCollector.java:73) ~[junit-platform-engine-1.10.1.jar:1.10.1]
	at org.junit.jupiter.engine.descriptor.TestMethodTestDescriptor.prepare(TestMethodTestDescriptor.java:105) ~[junit-jupiter-engine-5.10.1.jar:5.10.1]
	at org.junit.jupiter.engine.descriptor.TestMethodTestDescriptor.prepare(TestMethodTestDescriptor.java:69) ~[junit-jupiter-engine-5.10.1.jar:5.10.1]
	at org.junit.platform.engine.support.hierarchical.NodeTestTask.lambda$prepare$2(NodeTestTask.java:123) ~[junit-platform-engine-1.10.1.jar:1.10.1]
	at org.junit.platform.engine.support.hierarchical.ThrowableCollector.execute(ThrowableCollector.java:73) ~[junit-platform-engine-1.10.1.jar:1.10.1]
	at org.junit.platform.engine.support.hierarchical.NodeTestTask.prepare(NodeTestTask.java:123) ~[junit-platform-engine-1.10.1.jar:1.10.1]
	at org.junit.platform.engine.support.hierarchical.NodeTestTask.execute(NodeTestTask.java:90) ~[junit-platform-engine-1.10.1.jar:1.10.1]
	at java.base/java.util.ArrayList.forEach(ArrayList.java:1511) ~[na:na]
	at org.junit.platform.engine.support.hierarchical.SameThreadHierarchicalTestExecutorService.invokeAll(SameThreadHierarchicalTestExecutorService.java:41) ~[junit-platform-engine-1.10.1.jar:1.10.1]
	at org.junit.platform.engine.support.hierarchical.NodeTestTask.lambda$executeRecursively$6(NodeTestTask.java:155) ~[junit-platform-engine-1.10.1.jar:1.10.1]
	at org.junit.platform.engine.support.hierarchical.ThrowableCollector.execute(ThrowableCollector.java:73) ~[junit-platform-engine-1.10.1.jar:1.10.1]
	at org.junit.platform.engine.support.hierarchical.NodeTestTask.lambda$executeRecursively$8(NodeTestTask.java:141) ~[junit-platform-engine-1.10.1.jar:1.10.1]
	at org.junit.platform.engine.support.hierarchical.Node.around(Node.java:137) ~[junit-platform-engine-1.10.1.jar:1.10.1]
	at org.junit.platform.engine.support.hierarchical.NodeTestTask.lambda$executeRecursively$9(NodeTestTask.java:139) ~[junit-platform-engine-1.10.1.jar:1.10.1]
	at org.junit.platform.engine.support.hierarchical.ThrowableCollector.execute(ThrowableCollector.java:73) ~[junit-platform-engine-1.10.1.jar:1.10.1]
	at org.junit.platform.engine.support.hierarchical.NodeTestTask.executeRecursively(NodeTestTask.java:138) ~[junit-platform-engine-1.10.1.jar:1.10.1]
	at org.junit.platform.engine.support.hierarchical.NodeTestTask.execute(NodeTestTask.java:95) ~[junit-platform-engine-1.10.1.jar:1.10.1]
	at java.base/java.util.ArrayList.forEach(ArrayList.java:1511) ~[na:na]
	at org.junit.platform.engine.support.hierarchical.SameThreadHierarchicalTestExecutorService.invokeAll(SameThreadHierarchicalTestExecutorService.java:41) ~[junit-platform-engine-1.10.1.jar:1.10.1]
	at org.junit.platform.engine.support.hierarchical.NodeTestTask.lambda$executeRecursively$6(NodeTestTask.java:155) ~[junit-platform-engine-1.10.1.jar:1.10.1]
	at org.junit.platform.engine.support.hierarchical.ThrowableCollector.execute(ThrowableCollector.java:73) ~[junit-platform-engine-1.10.1.jar:1.10.1]
	at org.junit.platform.engine.support.hierarchical.NodeTestTask.lambda$executeRecursively$8(NodeTestTask.java:141) ~[junit-platform-engine-1.10.1.jar:1.10.1]
	at org.junit.platform.engine.support.hierarchical.Node.around(Node.java:137) ~[junit-platform-engine-1.10.1.jar:1.10.1]
	at org.junit.platform.engine.support.hierarchical.NodeTestTask.lambda$executeRecursively$9(NodeTestTask.java:139) ~[junit-platform-engine-1.10.1.jar:1.10.1]
	at org.junit.platform.engine.support.hierarchical.ThrowableCollector.execute(ThrowableCollector.java:73) ~[junit-platform-engine-1.10.1.jar:1.10.1]
	at org.junit.platform.engine.support.hierarchical.NodeTestTask.executeRecursively(NodeTestTask.java:138) ~[junit-platform-engine-1.10.1.jar:1.10.1]
	at org.junit.platform.engine.support.hierarchical.NodeTestTask.execute(NodeTestTask.java:95) ~[junit-platform-engine-1.10.1.jar:1.10.1]
	at org.junit.platform.engine.support.hierarchical.SameThreadHierarchicalTestExecutorService.submit(SameThreadHierarchicalTestExecutorService.java:35) ~[junit-platform-engine-1.10.1.jar:1.10.1]
	at org.junit.platform.engine.support.hierarchical.HierarchicalTestExecutor.execute(HierarchicalTestExecutor.java:57) ~[junit-platform-engine-1.10.1.jar:1.10.1]
	at org.junit.platform.engine.support.hierarchical.HierarchicalTestEngine.execute(HierarchicalTestEngine.java:54) ~[junit-platform-engine-1.10.1.jar:1.10.1]
	at org.junit.platform.launcher.core.DefaultLauncher.execute(DefaultLauncher.java:220) ~[junit-platform-launcher-1.3.1.jar:1.3.1]
	at org.junit.platform.launcher.core.DefaultLauncher.lambda$execute$6(DefaultLauncher.java:188) ~[junit-platform-launcher-1.3.1.jar:1.3.1]
	at org.junit.platform.launcher.core.DefaultLauncher.withInterceptedStreams(DefaultLauncher.java:202) ~[junit-platform-launcher-1.3.1.jar:1.3.1]
	at org.junit.platform.launcher.core.DefaultLauncher.execute(DefaultLauncher.java:181) ~[junit-platform-launcher-1.3.1.jar:1.3.1]
	at org.junit.platform.launcher.core.DefaultLauncher.execute(DefaultLauncher.java:128) ~[junit-platform-launcher-1.3.1.jar:1.3.1]
	at org.apache.maven.surefire.junitplatform.JUnitPlatformProvider.invokeAllTests(JUnitPlatformProvider.java:150) ~[surefire-junit-platform-2.22.2.jar:2.22.2]
	at org.apache.maven.surefire.junitplatform.JUnitPlatformProvider.invoke(JUnitPlatformProvider.java:120) ~[surefire-junit-platform-2.22.2.jar:2.22.2]
	at org.apache.maven.surefire.booter.ForkedBooter.invokeProviderInSameClassLoader(ForkedBooter.java:384) ~[surefire-booter-2.22.2.jar:2.22.2]
	at org.apache.maven.surefire.booter.ForkedBooter.runSuitesInProcess(ForkedBooter.java:345) ~[surefire-booter-2.22.2.jar:2.22.2]
	at org.apache.maven.surefire.booter.ForkedBooter.execute(ForkedBooter.java:126) ~[surefire-booter-2.22.2.jar:2.22.2]
	at org.apache.maven.surefire.booter.ForkedBooter.main(ForkedBooter.java:418) ~[surefire-booter-2.22.2.jar:2.22.2]
Caused by: org.springframework.beans.factory.UnsatisfiedDependencyException: Error creating bean with name 'bookingController': Unsatisfied dependency expressed through field 'hotelService': Error creating bean with name 'hotelServiceImpl': Unsatisfied dependency expressed through field 'hotelMapper': Error creating bean with name 'hotelMapper' defined in URL [jar:file:/E:/JavaProject/Hotel-Management-Microservices/hotel-common/target/hotel-common-1.0.0-SNAPSHOT.jar!/com/zh/hotel/mapper/HotelMapper.class]: Unsatisfied dependency expressed through bean property 'sqlSessionFactory': Error creating bean with name 'sqlSessionFactory' defined in class path resource [com/baomidou/mybatisplus/autoconfigure/MybatisPlusAutoConfiguration.class]: Unsatisfied dependency expressed through method 'sqlSessionFactory' parameter 0: Error creating bean with name 'dataSource' defined in class path resource [org/springframework/boot/autoconfigure/jdbc/DataSourceConfiguration$Hikari.class]: Failed to instantiate [com.zaxxer.hikari.HikariDataSource]: Factory method 'dataSource' threw exception with message: Failed to determine a suitable driver class
	at org.springframework.beans.factory.annotation.AutowiredAnnotationBeanPostProcessor$AutowiredFieldElement.resolveFieldValue(AutowiredAnnotationBeanPostProcessor.java:772) ~[spring-beans-6.1.1.jar:6.1.1]
	at org.springframework.beans.factory.annotation.AutowiredAnnotationBeanPostProcessor$AutowiredFieldElement.inject(AutowiredAnnotationBeanPostProcessor.java:752) ~[spring-beans-6.1.1.jar:6.1.1]
	at org.springframework.beans.factory.annotation.InjectionMetadata.inject(InjectionMetadata.java:145) ~[spring-beans-6.1.1.jar:6.1.1]
	at org.springframework.beans.factory.annotation.AutowiredAnnotationBeanPostProcessor.postProcessProperties(AutowiredAnnotationBeanPostProcessor.java:493) ~[spring-beans-6.1.1.jar:6.1.1]
	at org.springframework.beans.factory.support.AbstractAutowireCapableBeanFactory.populateBean(AbstractAutowireCapableBeanFactory.java:1420) ~[spring-beans-6.1.1.jar:6.1.1]
	at org.springframework.beans.factory.support.AbstractAutowireCapableBeanFactory.doCreateBean(AbstractAutowireCapableBeanFactory.java:600) ~[spring-beans-6.1.1.jar:6.1.1]
	at org.springframework.beans.factory.support.AbstractAutowireCapableBeanFactory.createBean(AbstractAutowireCapableBeanFactory.java:523) ~[spring-beans-6.1.1.jar:6.1.1]
	at org.springframework.beans.factory.support.AbstractBeanFactory.lambda$doGetBean$0(AbstractBeanFactory.java:325) ~[spring-beans-6.1.1.jar:6.1.1]
	at org.springframework.beans.factory.support.DefaultSingletonBeanRegistry.getSingleton(DefaultSingletonBeanRegistry.java:234) ~[spring-beans-6.1.1.jar:6.1.1]
	at org.springframework.beans.factory.support.AbstractBeanFactory.doGetBean(AbstractBeanFactory.java:323) ~[spring-beans-6.1.1.jar:6.1.1]
	at org.springframework.beans.factory.support.AbstractBeanFactory.getBean(AbstractBeanFactory.java:199) ~[spring-beans-6.1.1.jar:6.1.1]
	at org.springframework.beans.factory.support.DefaultListableBeanFactory.preInstantiateSingletons(DefaultListableBeanFactory.java:973) ~[spring-beans-6.1.1.jar:6.1.1]
	at org.springframework.context.support.AbstractApplicationContext.finishBeanFactoryInitialization(AbstractApplicationContext.java:946) ~[spring-context-6.1.1.jar:6.1.1]
	at org.springframework.context.support.AbstractApplicationContext.refresh(AbstractApplicationContext.java:616) ~[spring-context-6.1.1.jar:6.1.1]
	at org.springframework.boot.SpringApplication.refresh(SpringApplication.java:753) ~[spring-boot-3.2.0.jar:3.2.0]
	at org.springframework.boot.SpringApplication.refreshContext(SpringApplication.java:455) ~[spring-boot-3.2.0.jar:3.2.0]
	at org.springframework.boot.SpringApplication.run(SpringApplication.java:323) ~[spring-boot-3.2.0.jar:3.2.0]
	at org.springframework.boot.test.context.SpringBootContextLoader.lambda$loadContext$3(SpringBootContextLoader.java:137) ~[spring-boot-test-3.2.0.jar:3.2.0]
	at org.springframework.util.function.ThrowingSupplier.get(ThrowingSupplier.java:58) ~[spring-core-6.1.1.jar:6.1.1]
	at org.springframework.util.function.ThrowingSupplier.get(ThrowingSupplier.java:46) ~[spring-core-6.1.1.jar:6.1.1]
	at org.springframework.boot.SpringApplication.withHook(SpringApplication.java:1442) ~[spring-boot-3.2.0.jar:3.2.0]
	at org.springframework.boot.test.context.SpringBootContextLoader$ContextLoaderHook.run(SpringBootContextLoader.java:552) ~[spring-boot-test-3.2.0.jar:3.2.0]
	at org.springframework.boot.test.context.SpringBootContextLoader.loadContext(SpringBootContextLoader.java:137) ~[spring-boot-test-3.2.0.jar:3.2.0]
	at org.springframework.boot.test.context.SpringBootContextLoader.loadContext(SpringBootContextLoader.java:108) ~[spring-boot-test-3.2.0.jar:3.2.0]
	at org.springframework.test.context.cache.DefaultCacheAwareContextLoaderDelegate.loadContextInternal(DefaultCacheAwareContextLoaderDelegate.java:225) ~[spring-test-6.1.1.jar:6.1.1]
	at org.springframework.test.context.cache.DefaultCacheAwareContextLoaderDelegate.loadContext(DefaultCacheAwareContextLoaderDelegate.java:152) ~[spring-test-6.1.1.jar:6.1.1]
	... 67 common frames omitted
Caused by: org.springframework.beans.factory.UnsatisfiedDependencyException: Error creating bean with name 'hotelServiceImpl': Unsatisfied dependency expressed through field 'hotelMapper': Error creating bean with name 'hotelMapper' defined in URL [jar:file:/E:/JavaProject/Hotel-Management-Microservices/hotel-common/target/hotel-common-1.0.0-SNAPSHOT.jar!/com/zh/hotel/mapper/HotelMapper.class]: Unsatisfied dependency expressed through bean property 'sqlSessionFactory': Error creating bean with name 'sqlSessionFactory' defined in class path resource [com/baomidou/mybatisplus/autoconfigure/MybatisPlusAutoConfiguration.class]: Unsatisfied dependency expressed through method 'sqlSessionFactory' parameter 0: Error creating bean with name 'dataSource' defined in class path resource [org/springframework/boot/autoconfigure/jdbc/DataSourceConfiguration$Hikari.class]: Failed to instantiate [com.zaxxer.hikari.HikariDataSource]: Factory method 'dataSource' threw exception with message: Failed to determine a suitable driver class
	at org.springframework.beans.factory.annotation.AutowiredAnnotationBeanPostProcessor$AutowiredFieldElement.resolveFieldValue(AutowiredAnnotationBeanPostProcessor.java:772) ~[spring-beans-6.1.1.jar:6.1.1]
	at org.springframework.beans.factory.annotation.AutowiredAnnotationBeanPostProcessor$AutowiredFieldElement.inject(AutowiredAnnotationBeanPostProcessor.java:752) ~[spring-beans-6.1.1.jar:6.1.1]
	at org.springframework.beans.factory.annotation.InjectionMetadata.inject(InjectionMetadata.java:145) ~[spring-beans-6.1.1.jar:6.1.1]
	at org.springframework.beans.factory.annotation.AutowiredAnnotationBeanPostProcessor.postProcessProperties(AutowiredAnnotationBeanPostProcessor.java:493) ~[spring-beans-6.1.1.jar:6.1.1]
	at org.springframework.beans.factory.support.AbstractAutowireCapableBeanFactory.populateBean(AbstractAutowireCapableBeanFactory.java:1420) ~[spring-beans-6.1.1.jar:6.1.1]
	at org.springframework.beans.factory.support.AbstractAutowireCapableBeanFactory.doCreateBean(AbstractAutowireCapableBeanFactory.java:600) ~[spring-beans-6.1.1.jar:6.1.1]
	at org.springframework.beans.factory.support.AbstractAutowireCapableBeanFactory.createBean(AbstractAutowireCapableBeanFactory.java:523) ~[spring-beans-6.1.1.jar:6.1.1]
	at org.springframework.beans.factory.support.AbstractBeanFactory.lambda$doGetBean$0(AbstractBeanFactory.java:325) ~[spring-beans-6.1.1.jar:6.1.1]
	at org.springframework.beans.factory.support.DefaultSingletonBeanRegistry.getSingleton(DefaultSingletonBeanRegistry.java:234) ~[spring-beans-6.1.1.jar:6.1.1]
	at org.springframework.beans.factory.support.AbstractBeanFactory.doGetBean(AbstractBeanFactory.java:323) ~[spring-beans-6.1.1.jar:6.1.1]
	at org.springframework.beans.factory.support.AbstractBeanFactory.getBean(AbstractBeanFactory.java:199) ~[spring-beans-6.1.1.jar:6.1.1]
	at org.springframework.beans.factory.config.DependencyDescriptor.resolveCandidate(DependencyDescriptor.java:254) ~[spring-beans-6.1.1.jar:6.1.1]
	at org.springframework.beans.factory.support.DefaultListableBeanFactory.doResolveDependency(DefaultListableBeanFactory.java:1441) ~[spring-beans-6.1.1.jar:6.1.1]
	at org.springframework.beans.factory.support.DefaultListableBeanFactory.resolveDependency(DefaultListableBeanFactory.java:1348) ~[spring-beans-6.1.1.jar:6.1.1]
	at org.springframework.beans.factory.annotation.AutowiredAnnotationBeanPostProcessor$AutowiredFieldElement.resolveFieldValue(AutowiredAnnotationBeanPostProcessor.java:769) ~[spring-beans-6.1.1.jar:6.1.1]
	... 92 common frames omitted
Caused by: org.springframework.beans.factory.UnsatisfiedDependencyException: Error creating bean with name 'hotelMapper' defined in URL [jar:file:/E:/JavaProject/Hotel-Management-Microservices/hotel-common/target/hotel-common-1.0.0-SNAPSHOT.jar!/com/zh/hotel/mapper/HotelMapper.class]: Unsatisfied dependency expressed through bean property 'sqlSessionFactory': Error creating bean with name 'sqlSessionFactory' defined in class path resource [com/baomidou/mybatisplus/autoconfigure/MybatisPlusAutoConfiguration.class]: Unsatisfied dependency expressed through method 'sqlSessionFactory' parameter 0: Error creating bean with name 'dataSource' defined in class path resource [org/springframework/boot/autoconfigure/jdbc/DataSourceConfiguration$Hikari.class]: Failed to instantiate [com.zaxxer.hikari.HikariDataSource]: Factory method 'dataSource' threw exception with message: Failed to determine a suitable driver class
	at org.springframework.beans.factory.support.AbstractAutowireCapableBeanFactory.autowireByType(AbstractAutowireCapableBeanFactory.java:1517) ~[spring-beans-6.1.1.jar:6.1.1]
	at org.springframework.beans.factory.support.AbstractAutowireCapableBeanFactory.populateBean(AbstractAutowireCapableBeanFactory.java:1411) ~[spring-beans-6.1.1.jar:6.1.1]
	at org.springframework.beans.factory.support.AbstractAutowireCapableBeanFactory.doCreateBean(AbstractAutowireCapableBeanFactory.java:600) ~[spring-beans-6.1.1.jar:6.1.1]
	at org.springframework.beans.factory.support.AbstractAutowireCapableBeanFactory.createBean(AbstractAutowireCapableBeanFactory.java:523) ~[spring-beans-6.1.1.jar:6.1.1]
	at org.springframework.beans.factory.support.AbstractBeanFactory.lambda$doGetBean$0(AbstractBeanFactory.java:325) ~[spring-beans-6.1.1.jar:6.1.1]
	at org.springframework.beans.factory.support.DefaultSingletonBeanRegistry.getSingleton(DefaultSingletonBeanRegistry.java:234) ~[spring-beans-6.1.1.jar:6.1.1]
	at org.springframework.beans.factory.support.AbstractBeanFactory.doGetBean(AbstractBeanFactory.java:323) ~[spring-beans-6.1.1.jar:6.1.1]
	at org.springframework.beans.factory.support.AbstractBeanFactory.getBean(AbstractBeanFactory.java:199) ~[spring-beans-6.1.1.jar:6.1.1]
	at org.springframework.beans.factory.config.DependencyDescriptor.resolveCandidate(DependencyDescriptor.java:254) ~[spring-beans-6.1.1.jar:6.1.1]
	at org.springframework.beans.factory.support.DefaultListableBeanFactory.doResolveDependency(DefaultListableBeanFactory.java:1441) ~[spring-beans-6.1.1.jar:6.1.1]
	at org.springframework.beans.factory.support.DefaultListableBeanFactory.resolveDependency(DefaultListableBeanFactory.java:1348) ~[spring-beans-6.1.1.jar:6.1.1]
	at org.springframework.beans.factory.annotation.AutowiredAnnotationBeanPostProcessor$AutowiredFieldElement.resolveFieldValue(AutowiredAnnotationBeanPostProcessor.java:769) ~[spring-beans-6.1.1.jar:6.1.1]
	... 106 common frames omitted
Caused by: org.springframework.beans.factory.UnsatisfiedDependencyException: Error creating bean with name 'sqlSessionFactory' defined in class path resource [com/baomidou/mybatisplus/autoconfigure/MybatisPlusAutoConfiguration.class]: Unsatisfied dependency expressed through method 'sqlSessionFactory' parameter 0: Error creating bean with name 'dataSource' defined in class path resource [org/springframework/boot/autoconfigure/jdbc/DataSourceConfiguration$Hikari.class]: Failed to instantiate [com.zaxxer.hikari.HikariDataSource]: Factory method 'dataSource' threw exception with message: Failed to determine a suitable driver class
	at org.springframework.beans.factory.support.ConstructorResolver.createArgumentArray(ConstructorResolver.java:802) ~[spring-beans-6.1.1.jar:6.1.1]
	at org.springframework.beans.factory.support.ConstructorResolver.instantiateUsingFactoryMethod(ConstructorResolver.java:546) ~[spring-beans-6.1.1.jar:6.1.1]
	at org.springframework.beans.factory.support.AbstractAutowireCapableBeanFactory.instantiateUsingFactoryMethod(AbstractAutowireCapableBeanFactory.java:1336) ~[spring-beans-6.1.1.jar:6.1.1]
	at org.springframework.beans.factory.support.AbstractAutowireCapableBeanFactory.createBeanInstance(AbstractAutowireCapableBeanFactory.java:1166) ~[spring-beans-6.1.1.jar:6.1.1]
	at org.springframework.beans.factory.support.AbstractAutowireCapableBeanFactory.doCreateBean(AbstractAutowireCapableBeanFactory.java:563) ~[spring-beans-6.1.1.jar:6.1.1]
	at org.springframework.beans.factory.support.AbstractAutowireCapableBeanFactory.createBean(AbstractAutowireCapableBeanFactory.java:523) ~[spring-beans-6.1.1.jar:6.1.1]
	at org.springframework.beans.factory.support.AbstractBeanFactory.lambda$doGetBean$0(AbstractBeanFactory.java:325) ~[spring-beans-6.1.1.jar:6.1.1]
	at org.springframework.beans.factory.support.DefaultSingletonBeanRegistry.getSingleton(DefaultSingletonBeanRegistry.java:234) ~[spring-beans-6.1.1.jar:6.1.1]
	at org.springframework.beans.factory.support.AbstractBeanFactory.doGetBean(AbstractBeanFactory.java:323) ~[spring-beans-6.1.1.jar:6.1.1]
	at org.springframework.beans.factory.support.AbstractBeanFactory.getBean(AbstractBeanFactory.java:199) ~[spring-beans-6.1.1.jar:6.1.1]
	at org.springframework.beans.factory.config.DependencyDescriptor.resolveCandidate(DependencyDescriptor.java:254) ~[spring-beans-6.1.1.jar:6.1.1]
	at org.springframework.beans.factory.support.DefaultListableBeanFactory.doResolveDependency(DefaultListableBeanFactory.java:1441) ~[spring-beans-6.1.1.jar:6.1.1]
	at org.springframework.beans.factory.support.DefaultListableBeanFactory.resolveDependency(DefaultListableBeanFactory.java:1348) ~[spring-beans-6.1.1.jar:6.1.1]
	at org.springframework.beans.factory.support.AbstractAutowireCapableBeanFactory.autowireByType(AbstractAutowireCapableBeanFactory.java:1502) ~[spring-beans-6.1.1.jar:6.1.1]
	... 117 common frames omitted
Caused by: org.springframework.beans.factory.BeanCreationException: Error creating bean with name 'dataSource' defined in class path resource [org/springframework/boot/autoconfigure/jdbc/DataSourceConfiguration$Hikari.class]: Failed to instantiate [com.zaxxer.hikari.HikariDataSource]: Factory method 'dataSource' threw exception with message: Failed to determine a suitable driver class
	at org.springframework.beans.factory.support.ConstructorResolver.instantiate(ConstructorResolver.java:655) ~[spring-beans-6.1.1.jar:6.1.1]
	at org.springframework.beans.factory.support.ConstructorResolver.instantiateUsingFactoryMethod(ConstructorResolver.java:643) ~[spring-beans-6.1.1.jar:6.1.1]
	at org.springframework.beans.factory.support.AbstractAutowireCapableBeanFactory.instantiateUsingFactoryMethod(AbstractAutowireCapableBeanFactory.java:1336) ~[spring-beans-6.1.1.jar:6.1.1]
	at org.springframework.beans.factory.support.AbstractAutowireCapableBeanFactory.createBeanInstance(AbstractAutowireCapableBeanFactory.java:1166) ~[spring-beans-6.1.1.jar:6.1.1]
	at org.springframework.beans.factory.support.AbstractAutowireCapableBeanFactory.doCreateBean(AbstractAutowireCapableBeanFactory.java:563) ~[spring-beans-6.1.1.jar:6.1.1]
	at org.springframework.beans.factory.support.AbstractAutowireCapableBeanFactory.createBean(AbstractAutowireCapableBeanFactory.java:523) ~[spring-beans-6.1.1.jar:6.1.1]
	at org.springframework.beans.factory.support.AbstractBeanFactory.lambda$doGetBean$0(AbstractBeanFactory.java:325) ~[spring-beans-6.1.1.jar:6.1.1]
	at org.springframework.beans.factory.support.DefaultSingletonBeanRegistry.getSingleton(DefaultSingletonBeanRegistry.java:234) ~[spring-beans-6.1.1.jar:6.1.1]
	at org.springframework.beans.factory.support.AbstractBeanFactory.doGetBean(AbstractBeanFactory.java:323) ~[spring-beans-6.1.1.jar:6.1.1]
	at org.springframework.beans.factory.support.AbstractBeanFactory.getBean(AbstractBeanFactory.java:199) ~[spring-beans-6.1.1.jar:6.1.1]
	at org.springframework.beans.factory.config.DependencyDescriptor.resolveCandidate(DependencyDescriptor.java:254) ~[spring-beans-6.1.1.jar:6.1.1]
	at org.springframework.beans.factory.support.DefaultListableBeanFactory.doResolveDependency(DefaultListableBeanFactory.java:1441) ~[spring-beans-6.1.1.jar:6.1.1]
	at org.springframework.beans.factory.support.DefaultListableBeanFactory.resolveDependency(DefaultListableBeanFactory.java:1348) ~[spring-beans-6.1.1.jar:6.1.1]
	at org.springframework.beans.factory.support.ConstructorResolver.resolveAutowiredArgument(ConstructorResolver.java:911) ~[spring-beans-6.1.1.jar:6.1.1]
	at org.springframework.beans.factory.support.ConstructorResolver.createArgumentArray(ConstructorResolver.java:789) ~[spring-beans-6.1.1.jar:6.1.1]
	... 130 common frames omitted
Caused by: org.springframework.beans.BeanInstantiationException: Failed to instantiate [com.zaxxer.hikari.HikariDataSource]: Factory method 'dataSource' threw exception with message: Failed to determine a suitable driver class
	at org.springframework.beans.factory.support.SimpleInstantiationStrategy.instantiate(SimpleInstantiationStrategy.java:178) ~[spring-beans-6.1.1.jar:6.1.1]
	at org.springframework.beans.factory.support.ConstructorResolver.instantiate(ConstructorResolver.java:651) ~[spring-beans-6.1.1.jar:6.1.1]
	... 144 common frames omitted
Caused by: org.springframework.boot.autoconfigure.jdbc.DataSourceProperties$DataSourceBeanCreationException: Failed to determine a suitable driver class
	at org.springframework.boot.autoconfigure.jdbc.DataSourceProperties.determineDriverClassName(DataSourceProperties.java:186) ~[spring-boot-autoconfigure-3.2.0.jar:3.2.0]
	at org.springframework.boot.autoconfigure.jdbc.PropertiesJdbcConnectionDetails.getDriverClassName(PropertiesJdbcConnectionDetails.java:49) ~[spring-boot-autoconfigure-3.2.0.jar:3.2.0]
	at org.springframework.boot.autoconfigure.jdbc.DataSourceConfiguration.createDataSource(DataSourceConfiguration.java:55) ~[spring-boot-autoconfigure-3.2.0.jar:3.2.0]
	at org.springframework.boot.autoconfigure.jdbc.DataSourceConfiguration$Hikari.dataSource(DataSourceConfiguration.java:117) ~[spring-boot-autoconfigure-3.2.0.jar:3.2.0]
	at java.base/jdk.internal.reflect.NativeMethodAccessorImpl.invoke0(Native Method) ~[na:na]
	at java.base/jdk.internal.reflect.NativeMethodAccessorImpl.invoke(NativeMethodAccessorImpl.java:77) ~[na:na]
	at java.base/jdk.internal.reflect.DelegatingMethodAccessorImpl.invoke(DelegatingMethodAccessorImpl.java:43) ~[na:na]
	at java.base/java.lang.reflect.Method.invoke(Method.java:568) ~[na:na]
	at org.springframework.beans.factory.support.SimpleInstantiationStrategy.instantiate(SimpleInstantiationStrategy.java:140) ~[spring-beans-6.1.1.jar:6.1.1]
	... 145 common frames omitted

]]></system-out>
    <system-err><![CDATA[


============================
CONDITIONS EVALUATION REPORT
============================


Positive matches:
-----------------

    None


Negative matches:
-----------------

    None


Exclusions:
-----------

    None


Unconditional classes:
----------------------

    None



]]></system-err>
  </testcase>
</testsuite>